[2023-09-20T20:30:06.970+0000] {taskinstance.py:1157} INFO - Dependencies all met for dep_context=non-requeueable deps ti=<TaskInstance: student_semantic.send_to_processed_lake manual__2023-09-20T20:30:06.026652+00:00 [queued]>
[2023-09-20T20:30:06.979+0000] {taskinstance.py:1157} INFO - Dependencies all met for dep_context=requeueable deps ti=<TaskInstance: student_semantic.send_to_processed_lake manual__2023-09-20T20:30:06.026652+00:00 [queued]>
[2023-09-20T20:30:06.979+0000] {taskinstance.py:1359} INFO - Starting attempt 1 of 1
[2023-09-20T20:30:06.992+0000] {taskinstance.py:1380} INFO - Executing <Task(PythonOperator): send_to_processed_lake> on 2023-09-20 20:30:06.026652+00:00
[2023-09-20T20:30:06.998+0000] {standard_task_runner.py:57} INFO - Started process 1874 to run task
[2023-09-20T20:30:07.002+0000] {standard_task_runner.py:84} INFO - Running: ['***', 'tasks', 'run', 'student_semantic', 'send_to_processed_lake', 'manual__2023-09-20T20:30:06.026652+00:00', '--job-id', '191', '--raw', '--subdir', 'DAGS_FOLDER/student_semantic.py', '--cfg-path', '/tmp/tmp1fm_v0cf']
[2023-09-20T20:30:07.005+0000] {standard_task_runner.py:85} INFO - Job 191: Subtask send_to_processed_lake
[2023-09-20T20:30:07.054+0000] {task_command.py:415} INFO - Running <TaskInstance: student_semantic.send_to_processed_lake manual__2023-09-20T20:30:06.026652+00:00 [running]> on host 6086152831d6
[2023-09-20T20:30:07.308+0000] {taskinstance.py:1660} INFO - Exporting env vars: AIRFLOW_CTX_DAG_OWNER='***' AIRFLOW_CTX_DAG_ID='student_semantic' AIRFLOW_CTX_TASK_ID='send_to_processed_lake' AIRFLOW_CTX_EXECUTION_DATE='2023-09-20T20:30:06.026652+00:00' AIRFLOW_CTX_TRY_NUMBER='1' AIRFLOW_CTX_DAG_RUN_ID='manual__2023-09-20T20:30:06.026652+00:00'
[2023-09-20T20:30:07.317+0000] {taskinstance.py:1935} ERROR - Task failed with exception
Traceback (most recent call last):
  File "/home/airflow/.local/lib/python3.8/site-packages/airflow/operators/python.py", line 192, in execute
    return_value = self.execute_callable()
  File "/home/airflow/.local/lib/python3.8/site-packages/airflow/operators/python.py", line 209, in execute_callable
    return self.python_callable(*self.op_args, **self.op_kwargs)
  File "/opt/airflow/dags/packages/student_semantic/student_semantic.py", line 120, in send_data_to_processed
    df_processed.to_csv("data/processed/students/students.csv", index=False)
AttributeError: 'NoneType' object has no attribute 'to_csv'
[2023-09-20T20:30:07.324+0000] {taskinstance.py:1398} INFO - Marking task as FAILED. dag_id=student_semantic, task_id=send_to_processed_lake, execution_date=20230920T203006, start_date=20230920T203006, end_date=20230920T203007
[2023-09-20T20:30:07.342+0000] {standard_task_runner.py:104} ERROR - Failed to execute job 191 for task send_to_processed_lake ('NoneType' object has no attribute 'to_csv'; 1874)
[2023-09-20T20:30:07.375+0000] {local_task_job_runner.py:228} INFO - Task exited with return code 1
[2023-09-20T20:30:07.400+0000] {taskinstance.py:2776} INFO - 0 downstream tasks scheduled from follow-on schedule check
