[2023-09-20T19:59:42.754+0000] {taskinstance.py:1157} INFO - Dependencies all met for dep_context=non-requeueable deps ti=<TaskInstance: student_semantic.create_dataframe_student manual__2023-09-20T19:59:41.955730+00:00 [queued]>
[2023-09-20T19:59:42.764+0000] {taskinstance.py:1157} INFO - Dependencies all met for dep_context=requeueable deps ti=<TaskInstance: student_semantic.create_dataframe_student manual__2023-09-20T19:59:41.955730+00:00 [queued]>
[2023-09-20T19:59:42.764+0000] {taskinstance.py:1359} INFO - Starting attempt 1 of 1
[2023-09-20T19:59:42.776+0000] {taskinstance.py:1380} INFO - Executing <Task(PythonOperator): create_dataframe_student> on 2023-09-20 19:59:41.955730+00:00
[2023-09-20T19:59:42.782+0000] {standard_task_runner.py:57} INFO - Started process 1107 to run task
[2023-09-20T19:59:42.786+0000] {standard_task_runner.py:84} INFO - Running: ['***', 'tasks', 'run', 'student_semantic', 'create_dataframe_student', 'manual__2023-09-20T19:59:41.955730+00:00', '--job-id', '100', '--raw', '--subdir', 'DAGS_FOLDER/student_semantic.py', '--cfg-path', '/tmp/tmpvsb06scg']
[2023-09-20T19:59:42.788+0000] {standard_task_runner.py:85} INFO - Job 100: Subtask create_dataframe_student
[2023-09-20T19:59:42.833+0000] {task_command.py:415} INFO - Running <TaskInstance: student_semantic.create_dataframe_student manual__2023-09-20T19:59:41.955730+00:00 [running]> on host 6086152831d6
[2023-09-20T19:59:43.081+0000] {taskinstance.py:1660} INFO - Exporting env vars: AIRFLOW_CTX_DAG_OWNER='***' AIRFLOW_CTX_DAG_ID='student_semantic' AIRFLOW_CTX_TASK_ID='create_dataframe_student' AIRFLOW_CTX_EXECUTION_DATE='2023-09-20T19:59:41.955730+00:00' AIRFLOW_CTX_TRY_NUMBER='1' AIRFLOW_CTX_DAG_RUN_ID='manual__2023-09-20T19:59:41.955730+00:00'
[2023-09-20T19:59:43.092+0000] {taskinstance.py:1935} ERROR - Task failed with exception
Traceback (most recent call last):
  File "/home/airflow/.local/lib/python3.8/site-packages/airflow/operators/python.py", line 192, in execute
    return_value = self.execute_callable()
  File "/home/airflow/.local/lib/python3.8/site-packages/airflow/operators/python.py", line 209, in execute_callable
    return self.python_callable(*self.op_args, **self.op_kwargs)
  File "/opt/airflow/dags/packages/student_semantic/student_semantic.py", line 37, in create_dataframe
    json_data = xcom_pull_obj[0]
KeyError: 0
[2023-09-20T19:59:43.099+0000] {taskinstance.py:1398} INFO - Marking task as FAILED. dag_id=student_semantic, task_id=create_dataframe_student, execution_date=20230920T195941, start_date=20230920T195942, end_date=20230920T195943
[2023-09-20T19:59:43.109+0000] {standard_task_runner.py:104} ERROR - Failed to execute job 100 for task create_dataframe_student (0; 1107)
[2023-09-20T19:59:43.118+0000] {local_task_job_runner.py:228} INFO - Task exited with return code 1
[2023-09-20T19:59:43.131+0000] {taskinstance.py:2776} INFO - 0 downstream tasks scheduled from follow-on schedule check
