[2023-09-20T16:46:39.147+0000] {taskinstance.py:1157} INFO - Dependencies all met for dep_context=non-requeueable deps ti=<TaskInstance: student_semantic.read_student_data manual__2023-09-20T16:46:36.391830+00:00 [queued]>
[2023-09-20T16:46:39.161+0000] {taskinstance.py:1157} INFO - Dependencies all met for dep_context=requeueable deps ti=<TaskInstance: student_semantic.read_student_data manual__2023-09-20T16:46:36.391830+00:00 [queued]>
[2023-09-20T16:46:39.161+0000] {taskinstance.py:1359} INFO - Starting attempt 1 of 1
[2023-09-20T16:46:39.174+0000] {taskinstance.py:1380} INFO - Executing <Task(PythonOperator): read_student_data> on 2023-09-20 16:46:36.391830+00:00
[2023-09-20T16:46:39.181+0000] {standard_task_runner.py:57} INFO - Started process 675 to run task
[2023-09-20T16:46:39.193+0000] {standard_task_runner.py:84} INFO - Running: ['***', 'tasks', 'run', 'student_semantic', 'read_student_data', 'manual__2023-09-20T16:46:36.391830+00:00', '--job-id', '10', '--raw', '--subdir', 'DAGS_FOLDER/student_semantic.py', '--cfg-path', '/tmp/tmpknezf2uw']
[2023-09-20T16:46:39.227+0000] {standard_task_runner.py:85} INFO - Job 10: Subtask read_student_data
[2023-09-20T16:46:39.844+0000] {task_command.py:415} INFO - Running <TaskInstance: student_semantic.read_student_data manual__2023-09-20T16:46:36.391830+00:00 [running]> on host 64864ba3aa5a
[2023-09-20T16:46:39.898+0000] {taskinstance.py:1660} INFO - Exporting env vars: AIRFLOW_CTX_DAG_OWNER='***' AIRFLOW_CTX_DAG_ID='student_semantic' AIRFLOW_CTX_TASK_ID='read_student_data' AIRFLOW_CTX_EXECUTION_DATE='2023-09-20T16:46:36.391830+00:00' AIRFLOW_CTX_TRY_NUMBER='1' AIRFLOW_CTX_DAG_RUN_ID='manual__2023-09-20T16:46:36.391830+00:00'
[2023-09-20T16:46:39.899+0000] {taskinstance.py:1935} ERROR - Task failed with exception
Traceback (most recent call last):
  File "/home/airflow/.local/lib/python3.8/site-packages/airflow/operators/python.py", line 192, in execute
    return_value = self.execute_callable()
  File "/home/airflow/.local/lib/python3.8/site-packages/airflow/operators/python.py", line 209, in execute_callable
    return self.python_callable(*self.op_args, **self.op_kwargs)
  File "/opt/airflow/dags/packages/student_semantic/student_semantic.py", line 13, in read_json_data
    with open(path, "r") as f:
FileNotFoundError: [Errno 2] No such file or directory: '/home/eduardo-pc/desktop/students_semantic/data/raw/students.json'
[2023-09-20T16:46:39.904+0000] {taskinstance.py:1398} INFO - Marking task as FAILED. dag_id=student_semantic, task_id=read_student_data, execution_date=20230920T164636, start_date=20230920T164639, end_date=20230920T164639
[2023-09-20T16:46:39.914+0000] {standard_task_runner.py:104} ERROR - Failed to execute job 10 for task read_student_data ([Errno 2] No such file or directory: '/home/eduardo-pc/desktop/students_semantic/data/raw/students.json'; 675)
[2023-09-20T16:46:39.930+0000] {local_task_job_runner.py:228} INFO - Task exited with return code 1
[2023-09-20T16:46:40.068+0000] {taskinstance.py:2776} INFO - 0 downstream tasks scheduled from follow-on schedule check
