[2023-09-20T23:46:50.041+0000] {taskinstance.py:1157} INFO - Dependencies all met for dep_context=non-requeueable deps ti=<TaskInstance: student_semantic.transform manual__2023-09-20T23:46:46.068368+00:00 [queued]>
[2023-09-20T23:46:50.048+0000] {taskinstance.py:1157} INFO - Dependencies all met for dep_context=requeueable deps ti=<TaskInstance: student_semantic.transform manual__2023-09-20T23:46:46.068368+00:00 [queued]>
[2023-09-20T23:46:50.048+0000] {taskinstance.py:1359} INFO - Starting attempt 1 of 1
[2023-09-20T23:46:50.058+0000] {taskinstance.py:1380} INFO - Executing <Task(PythonOperator): transform> on 2023-09-20 23:46:46.068368+00:00
[2023-09-20T23:46:50.063+0000] {standard_task_runner.py:57} INFO - Started process 906 to run task
[2023-09-20T23:46:50.065+0000] {standard_task_runner.py:84} INFO - Running: ['***', 'tasks', 'run', 'student_semantic', 'transform', 'manual__2023-09-20T23:46:46.068368+00:00', '--job-id', '315', '--raw', '--subdir', 'DAGS_FOLDER/student_semantic.py', '--cfg-path', '/tmp/tmpxkp49wgr']
[2023-09-20T23:46:50.067+0000] {standard_task_runner.py:85} INFO - Job 315: Subtask transform
[2023-09-20T23:46:50.103+0000] {task_command.py:415} INFO - Running <TaskInstance: student_semantic.transform manual__2023-09-20T23:46:46.068368+00:00 [running]> on host f143046c8e98
[2023-09-20T23:46:50.286+0000] {taskinstance.py:1660} INFO - Exporting env vars: AIRFLOW_CTX_DAG_OWNER='***' AIRFLOW_CTX_DAG_ID='student_semantic' AIRFLOW_CTX_TASK_ID='transform' AIRFLOW_CTX_EXECUTION_DATE='2023-09-20T23:46:46.068368+00:00' AIRFLOW_CTX_TRY_NUMBER='1' AIRFLOW_CTX_DAG_RUN_ID='manual__2023-09-20T23:46:46.068368+00:00'
[2023-09-20T23:46:50.287+0000] {taskinstance.py:1935} ERROR - Task failed with exception
Traceback (most recent call last):
  File "/home/airflow/.local/lib/python3.8/site-packages/airflow/operators/python.py", line 192, in execute
    return_value = self.execute_callable()
  File "/home/airflow/.local/lib/python3.8/site-packages/airflow/operators/python.py", line 209, in execute_callable
    return self.python_callable(*self.op_args, **self.op_kwargs)
  File "/opt/airflow/dags/packages/student_semantic/student_semantic.py", line 141, in transform
    df_student = ti.xcom_pull(task_ids=[task])[0]
  File "/home/airflow/.local/lib/python3.8/site-packages/airflow/utils/session.py", line 77, in wrapper
    return func(*args, session=session, **kwargs)
  File "/home/airflow/.local/lib/python3.8/site-packages/airflow/models/taskinstance.py", line 2564, in xcom_pull
    task_id_whens = {tid: i for i, tid in enumerate(task_ids)}
  File "/home/airflow/.local/lib/python3.8/site-packages/airflow/models/taskinstance.py", line 2564, in <dictcomp>
    task_id_whens = {tid: i for i, tid in enumerate(task_ids)}
TypeError: unhashable type: 'list'
[2023-09-20T23:46:50.294+0000] {taskinstance.py:1398} INFO - Marking task as FAILED. dag_id=student_semantic, task_id=transform, execution_date=20230920T234646, start_date=20230920T234650, end_date=20230920T234650
[2023-09-20T23:46:50.302+0000] {standard_task_runner.py:104} ERROR - Failed to execute job 315 for task transform (unhashable type: 'list'; 906)
[2023-09-20T23:46:50.319+0000] {local_task_job_runner.py:228} INFO - Task exited with return code 1
[2023-09-20T23:46:50.334+0000] {taskinstance.py:2776} INFO - 0 downstream tasks scheduled from follow-on schedule check
