[2023-09-21T02:12:39.689+0000] {taskinstance.py:1157} INFO - Dependencies all met for dep_context=non-requeueable deps ti=<TaskInstance: student_semantic.f manual__2023-09-21T02:12:33.719494+00:00 [queued]>
[2023-09-21T02:12:39.698+0000] {taskinstance.py:1157} INFO - Dependencies all met for dep_context=requeueable deps ti=<TaskInstance: student_semantic.f manual__2023-09-21T02:12:33.719494+00:00 [queued]>
[2023-09-21T02:12:39.698+0000] {taskinstance.py:1359} INFO - Starting attempt 1 of 1
[2023-09-21T02:12:39.709+0000] {taskinstance.py:1380} INFO - Executing <Task(CopyFromExternalStageToSnowflakeOperator): f> on 2023-09-21 02:12:33.719494+00:00
[2023-09-21T02:12:39.715+0000] {standard_task_runner.py:57} INFO - Started process 3127 to run task
[2023-09-21T02:12:39.718+0000] {standard_task_runner.py:84} INFO - Running: ['***', 'tasks', 'run', 'student_semantic', 'f', 'manual__2023-09-21T02:12:33.719494+00:00', '--job-id', '533', '--raw', '--subdir', 'DAGS_FOLDER/student_semantic.py', '--cfg-path', '/tmp/tmp4yg_cttt']
[2023-09-21T02:12:39.721+0000] {standard_task_runner.py:85} INFO - Job 533: Subtask f
[2023-09-21T02:12:39.758+0000] {task_command.py:415} INFO - Running <TaskInstance: student_semantic.f manual__2023-09-21T02:12:33.719494+00:00 [running]> on host fd67d4db30a8
[2023-09-21T02:12:39.825+0000] {taskinstance.py:1660} INFO - Exporting env vars: AIRFLOW_CTX_DAG_OWNER='***' AIRFLOW_CTX_DAG_ID='student_semantic' AIRFLOW_CTX_TASK_ID='f' AIRFLOW_CTX_EXECUTION_DATE='2023-09-21T02:12:33.719494+00:00' AIRFLOW_CTX_TRY_NUMBER='1' AIRFLOW_CTX_DAG_RUN_ID='manual__2023-09-21T02:12:33.719494+00:00'
[2023-09-21T02:12:39.826+0000] {copy_into_snowflake.py:139} INFO - Executing COPY command...
[2023-09-21T02:12:39.839+0000] {taskinstance.py:1935} ERROR - Task failed with exception
Traceback (most recent call last):
  File "/home/airflow/.local/lib/python3.8/site-packages/airflow/providers/snowflake/transfers/copy_into_snowflake.py", line 140, in execute
    snowflake_hook.run(sql=sql, autocommit=self.autocommit)
  File "/home/airflow/.local/lib/python3.8/site-packages/airflow/providers/snowflake/hooks/snowflake.py", line 409, in run
    with closing(self.get_conn()) as conn:
  File "/home/airflow/.local/lib/python3.8/site-packages/airflow/providers/snowflake/hooks/snowflake.py", line 302, in get_conn
    conn_config = self._get_conn_params()
  File "/home/airflow/.local/lib/python3.8/site-packages/airflow/providers/snowflake/hooks/snowflake.py", line 210, in _get_conn_params
    conn = self.get_connection(self.snowflake_conn_id)  # type: ignore[attr-defined]
  File "/home/airflow/.local/lib/python3.8/site-packages/airflow/hooks/base.py", line 72, in get_connection
    conn = Connection.get_connection_from_secrets(conn_id)
  File "/home/airflow/.local/lib/python3.8/site-packages/airflow/models/connection.py", line 477, in get_connection_from_secrets
    raise AirflowNotFoundException(f"The conn_id `{conn_id}` isn't defined")
airflow.exceptions.AirflowNotFoundException: The conn_id `snowflake_default` isn't defined
[2023-09-21T02:12:39.843+0000] {taskinstance.py:1398} INFO - Marking task as FAILED. dag_id=student_semantic, task_id=f, execution_date=20230921T021233, start_date=20230921T021239, end_date=20230921T021239
[2023-09-21T02:12:39.853+0000] {standard_task_runner.py:104} ERROR - Failed to execute job 533 for task f (The conn_id `snowflake_default` isn't defined; 3127)
[2023-09-21T02:12:39.891+0000] {local_task_job_runner.py:228} INFO - Task exited with return code 1
[2023-09-21T02:12:39.905+0000] {taskinstance.py:2776} INFO - 0 downstream tasks scheduled from follow-on schedule check
