[2023-09-21T01:50:03.034+0000] {taskinstance.py:1157} INFO - Dependencies all met for dep_context=non-requeueable deps ti=<TaskInstance: student_semantic.send_to_snowflake manual__2023-09-21T01:49:57.153849+00:00 [queued]>
[2023-09-21T01:50:03.041+0000] {taskinstance.py:1157} INFO - Dependencies all met for dep_context=requeueable deps ti=<TaskInstance: student_semantic.send_to_snowflake manual__2023-09-21T01:49:57.153849+00:00 [queued]>
[2023-09-21T01:50:03.041+0000] {taskinstance.py:1359} INFO - Starting attempt 1 of 1
[2023-09-21T01:50:03.051+0000] {taskinstance.py:1380} INFO - Executing <Task(PythonOperator): send_to_snowflake> on 2023-09-21 01:49:57.153849+00:00
[2023-09-21T01:50:03.057+0000] {standard_task_runner.py:57} INFO - Started process 2495 to run task
[2023-09-21T01:50:03.059+0000] {standard_task_runner.py:84} INFO - Running: ['***', 'tasks', 'run', 'student_semantic', 'send_to_snowflake', 'manual__2023-09-21T01:49:57.153849+00:00', '--job-id', '491', '--raw', '--subdir', 'DAGS_FOLDER/student_semantic.py', '--cfg-path', '/tmp/tmpzwua6b7y']
[2023-09-21T01:50:03.061+0000] {standard_task_runner.py:85} INFO - Job 491: Subtask send_to_snowflake
[2023-09-21T01:50:03.097+0000] {task_command.py:415} INFO - Running <TaskInstance: student_semantic.send_to_snowflake manual__2023-09-21T01:49:57.153849+00:00 [running]> on host fd67d4db30a8
[2023-09-21T01:50:03.158+0000] {taskinstance.py:1660} INFO - Exporting env vars: AIRFLOW_CTX_DAG_OWNER='***' AIRFLOW_CTX_DAG_ID='student_semantic' AIRFLOW_CTX_TASK_ID='send_to_snowflake' AIRFLOW_CTX_EXECUTION_DATE='2023-09-21T01:49:57.153849+00:00' AIRFLOW_CTX_TRY_NUMBER='1' AIRFLOW_CTX_DAG_RUN_ID='manual__2023-09-21T01:49:57.153849+00:00'
[2023-09-21T01:50:03.201+0000] {connection.py:314} INFO - Snowflake Connector for Python Version: 3.1.1, Python Version: 3.8.18, Platform: Linux-5.10.16.3-microsoft-standard-WSL2-x86_64-with-glibc2.2.5
[2023-09-21T01:50:03.202+0000] {connection.py:1050} INFO - This connection is in OCSP Fail Open Mode. TLS Certificates would be checked for validity and revocation status. Any other Certificate Revocation related exceptions or OCSP Responder failures would be disregarded in favor of connectivity.
[2023-09-21T01:50:03.202+0000] {connection.py:1060} INFO - THIS CONNECTION IS IN INSECURE MODE. IT MEANS THE CERTIFICATE WILL BE VALIDATED BUT THE CERTIFICATE REVOCATION STATUS WILL NOT BE CHECKED.
[2023-09-21T01:50:03.202+0000] {connection.py:1068} INFO - Setting use_openssl_only mode to False
[2023-09-21T01:50:03.293+0000] {ssl_wrap_socket.py:100} INFO - THIS CONNECTION IS IN INSECURE MODE. IT MEANS THE CERTIFICATE WILL BE VALIDATED BUT THE CERTIFICATE REVOCATION STATUS WILL NOT BE CHECKED.
[2023-09-21T01:50:03.822+0000] {cursor.py:804} INFO - query: [select current_database(), current_schema();]
[2023-09-21T01:50:04.066+0000] {cursor.py:817} INFO - query execution done
[2023-09-21T01:50:04.066+0000] {cursor.py:959} INFO - Number of results in first chunk: 1
[2023-09-21T01:50:04.067+0000] {cursor.py:804} INFO - query: [ROLLBACK]
[2023-09-21T01:50:04.367+0000] {cursor.py:817} INFO - query execution done
[2023-09-21T01:50:04.368+0000] {cursor.py:959} INFO - Number of results in first chunk: 1
[2023-09-21T01:50:04.368+0000] {cursor.py:804} INFO - query: [ROLLBACK]
[2023-09-21T01:50:04.597+0000] {cursor.py:817} INFO - query execution done
[2023-09-21T01:50:04.597+0000] {cursor.py:959} INFO - Number of results in first chunk: 1
[2023-09-21T01:50:04.597+0000] {taskinstance.py:1935} ERROR - Task failed with exception
Traceback (most recent call last):
  File "/home/airflow/.local/lib/python3.8/site-packages/airflow/operators/python.py", line 192, in execute
    return_value = self.execute_callable()
  File "/home/airflow/.local/lib/python3.8/site-packages/airflow/operators/python.py", line 209, in execute_callable
    return self.python_callable(*self.op_args, **self.op_kwargs)
  File "/opt/airflow/dags/packages/student_semantic/student_semantic.py", line 200, in send_to_snowflake
    cursor = con.cursor()
AttributeError: 'Connection' object has no attribute 'cursor'
[2023-09-21T01:50:04.601+0000] {taskinstance.py:1398} INFO - Marking task as FAILED. dag_id=student_semantic, task_id=send_to_snowflake, execution_date=20230921T014957, start_date=20230921T015003, end_date=20230921T015004
[2023-09-21T01:50:04.613+0000] {standard_task_runner.py:104} ERROR - Failed to execute job 491 for task send_to_snowflake ('Connection' object has no attribute 'cursor'; 2495)
[2023-09-21T01:50:04.643+0000] {local_task_job_runner.py:228} INFO - Task exited with return code 1
[2023-09-21T01:50:04.658+0000] {taskinstance.py:2776} INFO - 0 downstream tasks scheduled from follow-on schedule check
