[2023-09-20T17:57:33.868+0000] {taskinstance.py:1157} INFO - Dependencies all met for dep_context=non-requeueable deps ti=<TaskInstance: student_semantic.create_dataframe_student manual__2023-09-20T17:57:32.811374+00:00 [queued]>
[2023-09-20T17:57:33.875+0000] {taskinstance.py:1157} INFO - Dependencies all met for dep_context=requeueable deps ti=<TaskInstance: student_semantic.create_dataframe_student manual__2023-09-20T17:57:32.811374+00:00 [queued]>
[2023-09-20T17:57:33.875+0000] {taskinstance.py:1359} INFO - Starting attempt 1 of 1
[2023-09-20T17:57:33.886+0000] {taskinstance.py:1380} INFO - Executing <Task(PythonOperator): create_dataframe_student> on 2023-09-20 17:57:32.811374+00:00
[2023-09-20T17:57:33.891+0000] {standard_task_runner.py:57} INFO - Started process 198 to run task
[2023-09-20T17:57:33.895+0000] {standard_task_runner.py:84} INFO - Running: ['***', 'tasks', 'run', 'student_semantic', 'create_dataframe_student', 'manual__2023-09-20T17:57:32.811374+00:00', '--job-id', '76', '--raw', '--subdir', 'DAGS_FOLDER/student_semantic.py', '--cfg-path', '/tmp/tmpjd4l8fcd']
[2023-09-20T17:57:33.898+0000] {standard_task_runner.py:85} INFO - Job 76: Subtask create_dataframe_student
[2023-09-20T17:57:33.942+0000] {task_command.py:415} INFO - Running <TaskInstance: student_semantic.create_dataframe_student manual__2023-09-20T17:57:32.811374+00:00 [running]> on host 9d5b5479d602
[2023-09-20T17:57:34.302+0000] {taskinstance.py:1660} INFO - Exporting env vars: AIRFLOW_CTX_DAG_OWNER='***' AIRFLOW_CTX_DAG_ID='student_semantic' AIRFLOW_CTX_TASK_ID='create_dataframe_student' AIRFLOW_CTX_EXECUTION_DATE='2023-09-20T17:57:32.811374+00:00' AIRFLOW_CTX_TRY_NUMBER='1' AIRFLOW_CTX_DAG_RUN_ID='manual__2023-09-20T17:57:32.811374+00:00'
[2023-09-20T17:57:34.303+0000] {logging_mixin.py:151} INFO - task_id of type: <class 'str'> and value read_student_data
[2023-09-20T17:57:34.310+0000] {logging_mixin.py:151} INFO - consegui {'students': [{'student_id': 'S001', 'name': 'Alice Johnson', 'grades': {'math': 90, 'science': 85, 'history': 78, 'english': 92}}, {'student_id': 'S002', 'name': 'Bob Smith', 'grades': {'math': 88, 'science': 76, 'history': 82, 'english': 90}}, {'student_id': 'S003', 'name': 'Charlie Brown', 'grades': {'math': 92, 'science': 89, 'history': 80, 'english': 94}}, {'student_id': 'S004', 'name': 'David Lee', 'grades': {'math': 78, 'science': 92, 'history': 85, 'english': 88}}, {'student_id': 'S005', 'name': 'Eva Martinez', 'grades': {'math': 85, 'science': 90, 'history': 76, 'english': 92}}, {'student_id': 'S006', 'name': 'Frank Wilson', 'grades': {'math': 91, 'science': 84, 'history': 89, 'english': 76}}, {'student_id': 'S007', 'name': 'Grace Adams', 'grades': {'math': 76, 'science': 88, 'history': 90, 'english': 85}}, {'student_id': 'S008', 'name': 'Hannah White', 'grades': {'math': 94, 'science': 78, 'history': 88, 'english': 81}}, {'student_id': 'S009', 'name': 'Ian Hall', 'grades': {'math': 89, 'science': 92, 'history': 84, 'english': 90}}, {'student_id': 'S010', 'name': 'Jessica Turner', 'grades': {'math': 85, 'science': 90, 'history': 76, 'english': 92}}, {'student_id': 'S011', 'name': 'Kevin Parker', 'grades': {'math': 92, 'science': 84, 'history': 89, 'english': 76}}, {'student_id': 'S012', 'name': 'Linda Brooks', 'grades': {'math': 76, 'science': 88, 'history': 90, 'english': 85}}, {'student_id': 'S013', 'name': 'Michael Green', 'grades': {'math': 94, 'science': 78, 'history': 88, 'english': 81}}, {'student_id': 'S014', 'name': 'Natalie Adams', 'grades': {'math': 89, 'science': 92, 'history': 84, 'english': 90}}, {'student_id': 'S015', 'name': 'Olivia Foster', 'grades': {'math': 85, 'science': 90, 'history': 76, 'english': 92}}, {'student_id': 'S016', 'name': 'Peter Turner', 'grades': {'math': 92, 'science': 84, 'history': 89, 'english': 76}}, {'student_id': 'S017', 'name': 'Quincy Parker', 'grades': {'math': 76, 'science': 88, 'history': 90, 'english': 85}}, {'student_id': 'S018', 'name': 'Rachel Hall', 'grades': {'math': 94, 'science': 78, 'history': 88, 'english': 81}}, {'student_id': 'S019', 'name': 'Samuel Brooks', 'grades': {'math': 89, 'science': 92, 'history': 84, 'english': 90}}, {'student_id': 'S020', 'name': 'Taylor Green', 'grades': {'math': 85, 'science': 90, 'history': 76, 'english': 92}}, {'student_id': 'S021', 'name': 'Uma Adams', 'grades': {'math': 92, 'science': 84, 'history': 89, 'english': 76}}, {'student_id': 'S022', 'name': 'Victor Turner', 'grades': {'math': 76, 'science': 88, 'history': 90, 'english': 85}}, {'student_id': 'S023', 'name': 'Wendy Hall', 'grades': {'math': 94, 'science': 78, 'history': 88, 'english': 81}}, {'student_id': 'S024', 'name': 'Xander Brooks', 'grades': {'math': 89, 'science': 92, 'history': 84, 'english': 90}}, {'student_id': 'S025', 'name': 'Yara Green', 'grades': {'math': 85, 'science': 90, 'history': 76, 'english': 92}}, {'student_id': 'S026', 'name': 'Zachary Adams', 'grades': {'math': 92, 'science': 84, 'history': 89, 'english': 76}}, {'student_id': 'S027', 'name': 'Ava Turner', 'grades': {'math': 76, 'science': 88, 'history': 90, 'english': 85}}, {'student_id': 'S028', 'name': 'Benjamin Hall', 'grades': {'math': 94, 'science': 78, 'history': 88, 'english': 81}}, {'student_id': 'S029', 'name': 'Catherine Brooks', 'grades': {'math': 89, 'science': 92, 'history': 84, 'english': 90}}, {'student_id': 'S030', 'name': 'Daniel Green', 'grades': {'math': 85, 'science': 90, 'history': 76, 'english': 92}}, {'student_id': 'S031', 'name': 'Emily Adams', 'grades': {'math': 92, 'science': 84, 'history': 89, 'english': 76}}, {'student_id': 'S032', 'name': 'Finn Turner', 'grades': {'math': 76, 'science': 88, 'history': 90, 'english': 85}}, {'student_id': 'S033', 'name': 'Grace Hall', 'grades': {'math': 94, 'science': 78, 'history': 88, 'english': 81}}, {'student_id': 'S034', 'name': 'Henry Brooks', 'grades': {'math': 89, 'science': 92, 'history': 84, 'english': 90}}, {'student_id': 'S035', 'name': 'Isabella Green', 'grades': {'math': 85, 'science': 90, 'history': 76, 'english': 92}}, {'student_id': 'S036', 'name': 'Jacob Adams', 'grades': {'math': 92, 'science': 84, 'history': 89, 'english': 76}}, {'student_id': 'S037', 'name': 'Katherine Turner', 'grades': {'math': 76, 'science': 88, 'history': 90, 'english': 85}}, {'student_id': 'S038', 'name': 'Liam Hall', 'grades': {'math': 94, 'science': 78, 'history': 88, 'english': 81}}, {'student_id': 'S039', 'name': 'Mia Brooks', 'grades': {'math': 89, 'science': 92, 'history': 84, 'english': 90}}, {'student_id': 'S040', 'name': 'Noah Green', 'grades': {'math': 85, 'science': 90, 'history': 76, 'english': 92}}, {'student_id': 'S041', 'name': 'Olivia Adams', 'grades': {'math': 92, 'science': 84, 'history': 89, 'english': 76}}, {'student_id': 'S042', 'name': 'Peter Turner', 'grades': {'math': 76, 'science': 88, 'history': 90, 'english': 85}}, {'student_id': 'S043', 'name': 'Quincy Hall', 'grades': {'math': 94, 'science': 78, 'history': 88, 'english': 81}}, {'student_id': 'S044', 'name': 'Rachel Brooks', 'grades': {'math': 89, 'science': 92, 'history': 84, 'english': 90}}, {'student_id': 'S045', 'name': 'Samuel Green', 'grades': {'math': 85, 'science': 90, 'history': 76, 'english': 92}}, {'student_id': 'S046', 'name': 'Taylor Adams', 'grades': {'math': 92, 'science': 84, 'history': 89, 'english': 76}}, {'student_id': 'S047', 'name': 'Uma Turner', 'grades': {'math': 76, 'science': 88, 'history': 90, 'english': 85}}, {'student_id': 'S048', 'name': 'Victor Hall', 'grades': {'math': 94, 'science': 78, 'history': 88, 'english': 81}}, {'student_id': 'S049', 'name': 'Wendy Brooks', 'grades': {'math': 89, 'science': 92, 'history': 84, 'english': 90}}, {'student_id': 'S050', 'name': 'Xander Green', 'grades': {'math': 85, 'science': 90, 'history': 76, 'english': 92}}]}
[2023-09-20T17:57:34.322+0000] {taskinstance.py:1935} ERROR - Task failed with exception
Traceback (most recent call last):
  File "/home/airflow/.local/lib/python3.8/site-packages/airflow/operators/python.py", line 192, in execute
    return_value = self.execute_callable()
  File "/home/airflow/.local/lib/python3.8/site-packages/airflow/operators/python.py", line 209, in execute_callable
    return self.python_callable(*self.op_args, **self.op_kwargs)
  File "/opt/airflow/dags/packages/student_semantic/student_semantic.py", line 38, in create_dataframe
    return pd.json_normalize(json_data[key_to_normalize], sep="_").to_csv(
  File "/home/airflow/.local/lib/python3.8/site-packages/pandas/core/generic.py", line 3772, in to_csv
    return DataFrameRenderer(formatter).to_csv(
  File "/home/airflow/.local/lib/python3.8/site-packages/pandas/io/formats/format.py", line 1186, in to_csv
    csv_formatter.save()
  File "/home/airflow/.local/lib/python3.8/site-packages/pandas/io/formats/csvs.py", line 240, in save
    with get_handle(
  File "/home/airflow/.local/lib/python3.8/site-packages/pandas/io/common.py", line 737, in get_handle
    check_parent_directory(str(handle))
  File "/home/airflow/.local/lib/python3.8/site-packages/pandas/io/common.py", line 600, in check_parent_directory
    raise OSError(rf"Cannot save file into a non-existent directory: '{parent}'")
OSError: Cannot save file into a non-existent directory: '/data/processed'
[2023-09-20T17:57:34.327+0000] {taskinstance.py:1398} INFO - Marking task as FAILED. dag_id=student_semantic, task_id=create_dataframe_student, execution_date=20230920T175732, start_date=20230920T175733, end_date=20230920T175734
[2023-09-20T17:57:34.336+0000] {standard_task_runner.py:104} ERROR - Failed to execute job 76 for task create_dataframe_student (Cannot save file into a non-existent directory: '/data/processed'; 198)
[2023-09-20T17:57:34.349+0000] {local_task_job_runner.py:228} INFO - Task exited with return code 1
[2023-09-20T17:57:34.364+0000] {taskinstance.py:2776} INFO - 0 downstream tasks scheduled from follow-on schedule check
