[2023-09-20T20:15:15.589+0000] {taskinstance.py:1157} INFO - Dependencies all met for dep_context=non-requeueable deps ti=<TaskInstance: student_semantic.send_to_processed_lake manual__2023-09-20T20:15:14.351221+00:00 [queued]>
[2023-09-20T20:15:15.597+0000] {taskinstance.py:1157} INFO - Dependencies all met for dep_context=requeueable deps ti=<TaskInstance: student_semantic.send_to_processed_lake manual__2023-09-20T20:15:14.351221+00:00 [queued]>
[2023-09-20T20:15:15.597+0000] {taskinstance.py:1359} INFO - Starting attempt 1 of 1
[2023-09-20T20:15:15.608+0000] {taskinstance.py:1380} INFO - Executing <Task(PythonOperator): send_to_processed_lake> on 2023-09-20 20:15:14.351221+00:00
[2023-09-20T20:15:15.613+0000] {standard_task_runner.py:57} INFO - Started process 1460 to run task
[2023-09-20T20:15:15.616+0000] {standard_task_runner.py:84} INFO - Running: ['***', 'tasks', 'run', 'student_semantic', 'send_to_processed_lake', 'manual__2023-09-20T20:15:14.351221+00:00', '--job-id', '133', '--raw', '--subdir', 'DAGS_FOLDER/student_semantic.py', '--cfg-path', '/tmp/tmprs1yo1rw']
[2023-09-20T20:15:15.618+0000] {standard_task_runner.py:85} INFO - Job 133: Subtask send_to_processed_lake
[2023-09-20T20:15:15.661+0000] {task_command.py:415} INFO - Running <TaskInstance: student_semantic.send_to_processed_lake manual__2023-09-20T20:15:14.351221+00:00 [running]> on host 6086152831d6
[2023-09-20T20:15:15.910+0000] {taskinstance.py:1660} INFO - Exporting env vars: AIRFLOW_CTX_DAG_OWNER='***' AIRFLOW_CTX_DAG_ID='student_semantic' AIRFLOW_CTX_TASK_ID='send_to_processed_lake' AIRFLOW_CTX_EXECUTION_DATE='2023-09-20T20:15:14.351221+00:00' AIRFLOW_CTX_TRY_NUMBER='1' AIRFLOW_CTX_DAG_RUN_ID='manual__2023-09-20T20:15:14.351221+00:00'
[2023-09-20T20:15:15.912+0000] {taskinstance.py:1935} ERROR - Task failed with exception
Traceback (most recent call last):
  File "/home/airflow/.local/lib/python3.8/site-packages/airflow/operators/python.py", line 192, in execute
    return_value = self.execute_callable()
  File "/home/airflow/.local/lib/python3.8/site-packages/airflow/operators/python.py", line 209, in execute_callable
    return self.python_callable(*self.op_args, **self.op_kwargs)
  File "/opt/airflow/dags/packages/student_semantic/student_semantic.py", line 74, in send_data_to_processed
    xcom_obj = context["ti"].xcom_pull(task_ids=task)
  File "/home/airflow/.local/lib/python3.8/site-packages/airflow/utils/session.py", line 77, in wrapper
    return func(*args, session=session, **kwargs)
  File "/home/airflow/.local/lib/python3.8/site-packages/airflow/models/taskinstance.py", line 2564, in xcom_pull
    task_id_whens = {tid: i for i, tid in enumerate(task_ids)}
TypeError: 'PythonOperator' object is not iterable
[2023-09-20T20:15:15.920+0000] {taskinstance.py:1398} INFO - Marking task as FAILED. dag_id=student_semantic, task_id=send_to_processed_lake, execution_date=20230920T201514, start_date=20230920T201515, end_date=20230920T201515
[2023-09-20T20:15:15.932+0000] {standard_task_runner.py:104} ERROR - Failed to execute job 133 for task send_to_processed_lake ('PythonOperator' object is not iterable; 1460)
[2023-09-20T20:15:15.949+0000] {local_task_job_runner.py:228} INFO - Task exited with return code 1
[2023-09-20T20:15:15.962+0000] {taskinstance.py:2776} INFO - 0 downstream tasks scheduled from follow-on schedule check
