[2023-09-20T16:51:25.685+0000] {taskinstance.py:1157} INFO - Dependencies all met for dep_context=non-requeueable deps ti=<TaskInstance: student_semantic.create_dataframe_missed_days manual__2023-09-20T16:51:24.808925+00:00 [queued]>
[2023-09-20T16:51:25.691+0000] {taskinstance.py:1157} INFO - Dependencies all met for dep_context=requeueable deps ti=<TaskInstance: student_semantic.create_dataframe_missed_days manual__2023-09-20T16:51:24.808925+00:00 [queued]>
[2023-09-20T16:51:25.691+0000] {taskinstance.py:1359} INFO - Starting attempt 1 of 1
[2023-09-20T16:51:25.703+0000] {taskinstance.py:1380} INFO - Executing <Task(PythonOperator): create_dataframe_missed_days> on 2023-09-20 16:51:24.808925+00:00
[2023-09-20T16:51:25.707+0000] {standard_task_runner.py:57} INFO - Started process 795 to run task
[2023-09-20T16:51:25.710+0000] {standard_task_runner.py:84} INFO - Running: ['***', 'tasks', 'run', 'student_semantic', 'create_dataframe_missed_days', 'manual__2023-09-20T16:51:24.808925+00:00', '--job-id', '25', '--raw', '--subdir', 'DAGS_FOLDER/student_semantic.py', '--cfg-path', '/tmp/tmpnp2tzdfw']
[2023-09-20T16:51:25.713+0000] {standard_task_runner.py:85} INFO - Job 25: Subtask create_dataframe_missed_days
[2023-09-20T16:51:25.753+0000] {task_command.py:415} INFO - Running <TaskInstance: student_semantic.create_dataframe_missed_days manual__2023-09-20T16:51:24.808925+00:00 [running]> on host 64864ba3aa5a
[2023-09-20T16:51:26.019+0000] {taskinstance.py:1660} INFO - Exporting env vars: AIRFLOW_CTX_DAG_OWNER='***' AIRFLOW_CTX_DAG_ID='student_semantic' AIRFLOW_CTX_TASK_ID='create_dataframe_missed_days' AIRFLOW_CTX_EXECUTION_DATE='2023-09-20T16:51:24.808925+00:00' AIRFLOW_CTX_TRY_NUMBER='1' AIRFLOW_CTX_DAG_RUN_ID='manual__2023-09-20T16:51:24.808925+00:00'
[2023-09-20T16:51:26.021+0000] {taskinstance.py:1935} ERROR - Task failed with exception
Traceback (most recent call last):
  File "/home/airflow/.local/lib/python3.8/site-packages/airflow/operators/python.py", line 192, in execute
    return_value = self.execute_callable()
  File "/home/airflow/.local/lib/python3.8/site-packages/airflow/operators/python.py", line 209, in execute_callable
    return self.python_callable(*self.op_args, **self.op_kwargs)
  File "/opt/airflow/dags/packages/student_semantic/student_semantic.py", line 20, in create_dataframe
    return pd.json_normalize(json_data[key_to_normalize], sep="_").to_csv(
TypeError: string indices must be integers
[2023-09-20T16:51:26.028+0000] {taskinstance.py:1398} INFO - Marking task as FAILED. dag_id=student_semantic, task_id=create_dataframe_missed_days, execution_date=20230920T165124, start_date=20230920T165125, end_date=20230920T165126
[2023-09-20T16:51:26.040+0000] {standard_task_runner.py:104} ERROR - Failed to execute job 25 for task create_dataframe_missed_days (string indices must be integers; 795)
[2023-09-20T16:51:26.084+0000] {local_task_job_runner.py:228} INFO - Task exited with return code 1
[2023-09-20T16:51:26.097+0000] {taskinstance.py:2776} INFO - 0 downstream tasks scheduled from follow-on schedule check
