[2023-09-20T19:29:45.678+0000] {taskinstance.py:1157} INFO - Dependencies all met for dep_context=non-requeueable deps ti=<TaskInstance: student_semantic.create_dataframe_student manual__2023-09-20T19:29:44.522747+00:00 [queued]>
[2023-09-20T19:29:45.687+0000] {taskinstance.py:1157} INFO - Dependencies all met for dep_context=requeueable deps ti=<TaskInstance: student_semantic.create_dataframe_student manual__2023-09-20T19:29:44.522747+00:00 [queued]>
[2023-09-20T19:29:45.687+0000] {taskinstance.py:1359} INFO - Starting attempt 1 of 1
[2023-09-20T19:29:45.698+0000] {taskinstance.py:1380} INFO - Executing <Task(PythonOperator): create_dataframe_student> on 2023-09-20 19:29:44.522747+00:00
[2023-09-20T19:29:45.704+0000] {standard_task_runner.py:57} INFO - Started process 442 to run task
[2023-09-20T19:29:45.707+0000] {standard_task_runner.py:84} INFO - Running: ['***', 'tasks', 'run', 'student_semantic', 'create_dataframe_student', 'manual__2023-09-20T19:29:44.522747+00:00', '--job-id', '33', '--raw', '--subdir', 'DAGS_FOLDER/student_semantic.py', '--cfg-path', '/tmp/tmpmc81u5xp']
[2023-09-20T19:29:45.710+0000] {standard_task_runner.py:85} INFO - Job 33: Subtask create_dataframe_student
[2023-09-20T19:29:45.753+0000] {task_command.py:415} INFO - Running <TaskInstance: student_semantic.create_dataframe_student manual__2023-09-20T19:29:44.522747+00:00 [running]> on host 6086152831d6
[2023-09-20T19:29:45.981+0000] {taskinstance.py:1660} INFO - Exporting env vars: AIRFLOW_CTX_DAG_OWNER='***' AIRFLOW_CTX_DAG_ID='student_semantic' AIRFLOW_CTX_TASK_ID='create_dataframe_student' AIRFLOW_CTX_EXECUTION_DATE='2023-09-20T19:29:44.522747+00:00' AIRFLOW_CTX_TRY_NUMBER='1' AIRFLOW_CTX_DAG_RUN_ID='manual__2023-09-20T19:29:44.522747+00:00'
[2023-09-20T19:29:45.983+0000] {taskinstance.py:1935} ERROR - Task failed with exception
Traceback (most recent call last):
  File "/home/airflow/.local/lib/python3.8/site-packages/airflow/operators/python.py", line 192, in execute
    return_value = self.execute_callable()
  File "/home/airflow/.local/lib/python3.8/site-packages/airflow/operators/python.py", line 209, in execute_callable
    return self.python_callable(*self.op_args, **self.op_kwargs)
  File "/opt/airflow/dags/packages/student_semantic/student_semantic.py", line 32, in create_dataframe
    xcom_pull_obj = ti.xcom_pull(task_ids=[task_id])
  File "/home/airflow/.local/lib/python3.8/site-packages/airflow/utils/session.py", line 77, in wrapper
    return func(*args, session=session, **kwargs)
  File "/home/airflow/.local/lib/python3.8/site-packages/airflow/models/taskinstance.py", line 2564, in xcom_pull
    task_id_whens = {tid: i for i, tid in enumerate(task_ids)}
  File "/home/airflow/.local/lib/python3.8/site-packages/airflow/models/taskinstance.py", line 2564, in <dictcomp>
    task_id_whens = {tid: i for i, tid in enumerate(task_ids)}
TypeError: unhashable type: 'list'
[2023-09-20T19:29:45.989+0000] {taskinstance.py:1398} INFO - Marking task as FAILED. dag_id=student_semantic, task_id=create_dataframe_student, execution_date=20230920T192944, start_date=20230920T192945, end_date=20230920T192945
[2023-09-20T19:29:45.999+0000] {standard_task_runner.py:104} ERROR - Failed to execute job 33 for task create_dataframe_student (unhashable type: 'list'; 442)
[2023-09-20T19:29:46.041+0000] {local_task_job_runner.py:228} INFO - Task exited with return code 1
[2023-09-20T19:29:46.054+0000] {taskinstance.py:2776} INFO - 0 downstream tasks scheduled from follow-on schedule check
