[2023-09-21T01:39:02.721+0000] {taskinstance.py:1157} INFO - Dependencies all met for dep_context=non-requeueable deps ti=<TaskInstance: student_semantic.send_to_snowflake manual__2023-09-21T01:38:56.425359+00:00 [queued]>
[2023-09-21T01:39:02.728+0000] {taskinstance.py:1157} INFO - Dependencies all met for dep_context=requeueable deps ti=<TaskInstance: student_semantic.send_to_snowflake manual__2023-09-21T01:38:56.425359+00:00 [queued]>
[2023-09-21T01:39:02.728+0000] {taskinstance.py:1359} INFO - Starting attempt 1 of 1
[2023-09-21T01:39:02.739+0000] {taskinstance.py:1380} INFO - Executing <Task(PythonOperator): send_to_snowflake> on 2023-09-21 01:38:56.425359+00:00
[2023-09-21T01:39:02.746+0000] {standard_task_runner.py:57} INFO - Started process 2196 to run task
[2023-09-21T01:39:02.749+0000] {standard_task_runner.py:84} INFO - Running: ['***', 'tasks', 'run', 'student_semantic', 'send_to_snowflake', 'manual__2023-09-21T01:38:56.425359+00:00', '--job-id', '473', '--raw', '--subdir', 'DAGS_FOLDER/student_semantic.py', '--cfg-path', '/tmp/tmp993b_lk4']
[2023-09-21T01:39:02.752+0000] {standard_task_runner.py:85} INFO - Job 473: Subtask send_to_snowflake
[2023-09-21T01:39:02.786+0000] {task_command.py:415} INFO - Running <TaskInstance: student_semantic.send_to_snowflake manual__2023-09-21T01:38:56.425359+00:00 [running]> on host fd67d4db30a8
[2023-09-21T01:39:02.852+0000] {taskinstance.py:1660} INFO - Exporting env vars: AIRFLOW_CTX_DAG_OWNER='***' AIRFLOW_CTX_DAG_ID='student_semantic' AIRFLOW_CTX_TASK_ID='send_to_snowflake' AIRFLOW_CTX_EXECUTION_DATE='2023-09-21T01:38:56.425359+00:00' AIRFLOW_CTX_TRY_NUMBER='1' AIRFLOW_CTX_DAG_RUN_ID='manual__2023-09-21T01:38:56.425359+00:00'
[2023-09-21T01:39:02.898+0000] {logging_mixin.py:151} INFO -    STUDENT_ID              NAME  ...  GRADES_ENGLISH  MISSED_DAYS
0        S001     Alice Johnson  ...              92            3
1        S002         Bob Smith  ...              90            5
2        S003     Charlie Brown  ...              94            2
3        S004         David Lee  ...              88            1
4        S005      Eva Martinez  ...              92            4
5        S006      Frank Wilson  ...              76            2
6        S007       Grace Adams  ...              85            3
7        S008      Hannah White  ...              81            1
8        S009          Ian Hall  ...              90            6
9        S010    Jessica Turner  ...              92            3
10       S011      Kevin Parker  ...              76            4
11       S012      Linda Brooks  ...              85            2
12       S013     Michael Green  ...              81            5
13       S014     Natalie Adams  ...              90            3
14       S015     Olivia Foster  ...              92            2
15       S016      Peter Turner  ...              76            4
16       S017     Quincy Parker  ...              85            3
17       S018       Rachel Hall  ...              81            1
18       S019     Samuel Brooks  ...              90            2
19       S020      Taylor Green  ...              92            5
20       S021         Uma Adams  ...              76            3
21       S022     Victor Turner  ...              85            4
22       S023        Wendy Hall  ...              81            2
23       S024     Xander Brooks  ...              90            1
24       S025        Yara Green  ...              92            5
25       S026     Zachary Adams  ...              76            2
26       S027        Ava Turner  ...              85            3
27       S028     Benjamin Hall  ...              81            4
28       S029  Catherine Brooks  ...              90            2
29       S030      Daniel Green  ...              92            1
30       S031       Emily Adams  ...              76            3
31       S032       Finn Turner  ...              85            5
32       S033        Grace Hall  ...              81            2
33       S034      Henry Brooks  ...              90            4
34       S035    Isabella Green  ...              92            3
35       S036       Jacob Adams  ...              76            1
36       S037  Katherine Turner  ...              85            2
37       S038         Liam Hall  ...              81            5
38       S039        Mia Brooks  ...              90            3
39       S040        Noah Green  ...              92            4
40       S041      Olivia Adams  ...              76            2
41       S042      Peter Turner  ...              85            1
42       S043       Quincy Hall  ...              81            5
43       S044     Rachel Brooks  ...              90            3
44       S045      Samuel Green  ...              92            2
45       S046      Taylor Adams  ...              76            4
46       S047        Uma Turner  ...              85            3
47       S048       Victor Hall  ...              81            1
48       S049      Wendy Brooks  ...              90            2
49       S050      Xander Green  ...              92            5

[50 rows x 7 columns]
[2023-09-21T01:39:02.908+0000] {connection.py:314} INFO - Snowflake Connector for Python Version: 3.1.1, Python Version: 3.8.18, Platform: Linux-5.10.16.3-microsoft-standard-WSL2-x86_64-with-glibc2.2.5
[2023-09-21T01:39:02.909+0000] {connection.py:1050} INFO - This connection is in OCSP Fail Open Mode. TLS Certificates would be checked for validity and revocation status. Any other Certificate Revocation related exceptions or OCSP Responder failures would be disregarded in favor of connectivity.
[2023-09-21T01:39:02.909+0000] {connection.py:1060} INFO - THIS CONNECTION IS IN INSECURE MODE. IT MEANS THE CERTIFICATE WILL BE VALIDATED BUT THE CERTIFICATE REVOCATION STATUS WILL NOT BE CHECKED.
[2023-09-21T01:39:02.909+0000] {connection.py:1068} INFO - Setting use_openssl_only mode to False
[2023-09-21T01:39:02.993+0000] {ssl_wrap_socket.py:100} INFO - THIS CONNECTION IS IN INSECURE MODE. IT MEANS THE CERTIFICATE WILL BE VALIDATED BUT THE CERTIFICATE REVOCATION STATUS WILL NOT BE CHECKED.
[2023-09-21T01:39:03.621+0000] {cursor.py:804} INFO - query: [select current_database(), current_schema();]
[2023-09-21T01:39:03.982+0000] {cursor.py:817} INFO - query execution done
[2023-09-21T01:39:03.983+0000] {cursor.py:959} INFO - Number of results in first chunk: 1
[2023-09-21T01:39:03.985+0000] {cursor.py:804} INFO - query: [ROLLBACK]
[2023-09-21T01:39:04.243+0000] {cursor.py:817} INFO - query execution done
[2023-09-21T01:39:04.244+0000] {cursor.py:959} INFO - Number of results in first chunk: 1
[2023-09-21T01:39:04.252+0000] {cursor.py:804} INFO - query: [DESC TABLE /* sqlalchemy:_has_object */ student_data]
[2023-09-21T01:39:04.495+0000] {cursor.py:817} INFO - query execution done
[2023-09-21T01:39:04.496+0000] {cursor.py:959} INFO - Number of results in first chunk: 7
[2023-09-21T01:39:04.496+0000] {cursor.py:804} INFO - query: [DESC TABLE /* sqlalchemy:_has_object */ student_data]
[2023-09-21T01:39:05.979+0000] {cursor.py:817} INFO - query execution done
[2023-09-21T01:39:05.979+0000] {cursor.py:959} INFO - Number of results in first chunk: 7
[2023-09-21T01:39:05.981+0000] {cursor.py:804} INFO - query: [SHOW /* sqlalchemy:get_table_names */ TABLES IN student_semantic]
[2023-09-21T01:39:06.299+0000] {cursor.py:817} INFO - query execution done
[2023-09-21T01:39:06.302+0000] {cursor.py:959} INFO - Number of results in first chunk: 1
[2023-09-21T01:39:06.304+0000] {cursor.py:804} INFO - query: [select current_database(), current_schema();]
[2023-09-21T01:39:06.543+0000] {cursor.py:817} INFO - query execution done
[2023-09-21T01:39:06.544+0000] {cursor.py:959} INFO - Number of results in first chunk: 1
[2023-09-21T01:39:06.544+0000] {cursor.py:804} INFO - query: [SHOW /* sqlalchemy:_get_schema_primary_keys */PRIMARY KEYS IN SCHEMA student_sem...]
[2023-09-21T01:39:06.811+0000] {cursor.py:817} INFO - query execution done
[2023-09-21T01:39:06.811+0000] {cursor.py:959} INFO - Number of results in first chunk: 0
[2023-09-21T01:39:06.813+0000] {cursor.py:804} INFO - query: [SELECT /* sqlalchemy:_get_schema_columns */ ic.table_name, ic.column_name, ic.da...]
[2023-09-21T01:39:08.855+0000] {cursor.py:817} INFO - query execution done
[2023-09-21T01:39:08.855+0000] {cursor.py:959} INFO - Number of results in first chunk: 7
[2023-09-21T01:39:08.860+0000] {cursor.py:804} INFO - query: [SHOW /* sqlalchemy:_get_schema_foreign_keys */ IMPORTED KEYS IN SCHEMA student_s...]
[2023-09-21T01:39:09.503+0000] {cursor.py:817} INFO - query execution done
[2023-09-21T01:39:09.504+0000] {cursor.py:959} INFO - Number of results in first chunk: 0
[2023-09-21T01:39:09.505+0000] {cursor.py:804} INFO - query: [SHOW /* sqlalchemy:_get_schema_unique_constraints */ UNIQUE KEYS IN SCHEMA stude...]
[2023-09-21T01:39:09.745+0000] {cursor.py:817} INFO - query execution done
[2023-09-21T01:39:09.746+0000] {cursor.py:959} INFO - Number of results in first chunk: 0
[2023-09-21T01:39:09.747+0000] {cursor.py:804} INFO - query: [SHOW /* sqlalchemy:_get_table_comment */ TABLES LIKE 'student_data']
[2023-09-21T01:39:10.033+0000] {cursor.py:817} INFO - query execution done
[2023-09-21T01:39:10.034+0000] {cursor.py:959} INFO - Number of results in first chunk: 1
[2023-09-21T01:39:10.036+0000] {cursor.py:804} INFO - query: [DROP TABLE student_data]
[2023-09-21T01:39:10.282+0000] {cursor.py:817} INFO - query execution done
[2023-09-21T01:39:10.283+0000] {cursor.py:959} INFO - Number of results in first chunk: 1
[2023-09-21T01:39:10.285+0000] {cursor.py:804} INFO - query: [CREATE TABLE student_data ( "STUDENT_ID" TEXT, "NAME" TEXT, "GRADES_MATH" BIGINT...]
[2023-09-21T01:39:10.699+0000] {cursor.py:817} INFO - query execution done
[2023-09-21T01:39:10.700+0000] {cursor.py:959} INFO - Number of results in first chunk: 1
[2023-09-21T01:39:10.704+0000] {cursor.py:804} INFO - query: [CREATE TEMP STAGE /* Python:snowflake.connector.pandas_tools.write_pandas() */ "...]
[2023-09-21T01:39:11.231+0000] {cursor.py:817} INFO - query execution done
[2023-09-21T01:39:11.232+0000] {cursor.py:959} INFO - Number of results in first chunk: 1
[2023-09-21T01:39:11.238+0000] {cursor.py:804} INFO - query: [PUT /* Python:snowflake.connector.pandas_tools.write_pandas() */ 'file:///tmp/tm...]
[2023-09-21T01:39:11.501+0000] {cursor.py:817} INFO - query execution done
[2023-09-21T01:39:12.008+0000] {ssl_wrap_socket.py:100} INFO - THIS CONNECTION IS IN INSECURE MODE. IT MEANS THE CERTIFICATE WILL BE VALIDATED BUT THE CERTIFICATE REVOCATION STATUS WILL NOT BE CHECKED.
[2023-09-21T01:39:12.286+0000] {cursor.py:804} INFO - query: [COPY INTO "STUDENT_DATA" /* Python:snowflake.connector.pandas_tools.write_pandas...]
[2023-09-21T01:39:14.067+0000] {cursor.py:817} INFO - query execution done
[2023-09-21T01:39:14.068+0000] {cursor.py:959} INFO - Number of results in first chunk: 1
[2023-09-21T01:39:14.069+0000] {cursor.py:804} INFO - query: [COMMIT]
[2023-09-21T01:39:15.045+0000] {cursor.py:817} INFO - query execution done
[2023-09-21T01:39:15.045+0000] {cursor.py:959} INFO - Number of results in first chunk: 1
[2023-09-21T01:39:15.045+0000] {cursor.py:804} INFO - query: [ROLLBACK]
[2023-09-21T01:39:15.362+0000] {cursor.py:817} INFO - query execution done
[2023-09-21T01:39:15.362+0000] {cursor.py:959} INFO - Number of results in first chunk: 1
[2023-09-21T01:39:15.363+0000] {python.py:194} INFO - Done. Returned value was: None
[2023-09-21T01:39:15.375+0000] {taskinstance.py:1398} INFO - Marking task as SUCCESS. dag_id=student_semantic, task_id=send_to_snowflake, execution_date=20230921T013856, start_date=20230921T013902, end_date=20230921T013915
[2023-09-21T01:39:15.427+0000] {local_task_job_runner.py:228} INFO - Task exited with return code 0
[2023-09-21T01:39:15.439+0000] {taskinstance.py:2776} INFO - 0 downstream tasks scheduled from follow-on schedule check
