[2023-09-21T06:30:36.098+0000] {manager.py:487} INFO - Processing files using up to 2 processes at a time 
[2023-09-21T06:30:36.098+0000] {manager.py:488} INFO - Process each file at most once every 30 seconds
[2023-09-21T06:30:36.098+0000] {manager.py:489} INFO - Checking for new files in /opt/airflow/dags every 300 seconds
[2023-09-21T06:30:36.099+0000] {manager.py:759} INFO - Searching for files in /opt/airflow/dags
[2023-09-21T06:30:36.101+0000] {manager.py:762} INFO - There are 1 files in /opt/airflow/dags
[2023-09-21T06:30:36.171+0000] {manager.py:893} INFO - 
================================================================================
DAG File Processing Stats

File Path                                PID  Runtime      # DAGs    # Errors  Last Runtime    Last Run
-------------------------------------  -----  ---------  --------  ----------  --------------  ----------
/opt/airflow/dags/student_semantic.py     42  0.03s             0           0
================================================================================
[2023-09-21T06:31:06.332+0000] {manager.py:893} INFO - 
================================================================================
DAG File Processing Stats

File Path                              PID    Runtime      # DAGs    # Errors  Last Runtime    Last Run
-------------------------------------  -----  ---------  --------  ----------  --------------  -------------------
/opt/airflow/dags/student_semantic.py                           1           0  1.22s           2023-09-21T06:30:37
================================================================================
[2023-09-21T06:31:36.515+0000] {manager.py:893} INFO - 
================================================================================
DAG File Processing Stats

File Path                              PID    Runtime      # DAGs    # Errors  Last Runtime    Last Run
-------------------------------------  -----  ---------  --------  ----------  --------------  -------------------
/opt/airflow/dags/student_semantic.py                           1           0  0.95s           2023-09-21T06:31:08
================================================================================
[2023-09-21T06:32:06.896+0000] {manager.py:893} INFO - 
================================================================================
DAG File Processing Stats

File Path                              PID    Runtime      # DAGs    # Errors  Last Runtime    Last Run
-------------------------------------  -----  ---------  --------  ----------  --------------  -------------------
/opt/airflow/dags/student_semantic.py                           1           0  0.79s           2023-09-21T06:31:39
================================================================================
[2023-09-21T06:32:37.080+0000] {manager.py:893} INFO - 
================================================================================
DAG File Processing Stats

File Path                              PID    Runtime      # DAGs    # Errors  Last Runtime    Last Run
-------------------------------------  -----  ---------  --------  ----------  --------------  -------------------
/opt/airflow/dags/student_semantic.py                           1           0  0.78s           2023-09-21T06:32:10
================================================================================
[2023-09-21T06:33:07.266+0000] {manager.py:893} INFO - 
================================================================================
DAG File Processing Stats

File Path                              PID    Runtime      # DAGs    # Errors  Last Runtime    Last Run
-------------------------------------  -----  ---------  --------  ----------  --------------  -------------------
/opt/airflow/dags/student_semantic.py                           1           0  0.73s           2023-09-21T06:32:41
================================================================================
[2023-09-21T06:33:37.456+0000] {manager.py:893} INFO - 
================================================================================
DAG File Processing Stats

File Path                              PID    Runtime      # DAGs    # Errors  Last Runtime    Last Run
-------------------------------------  -----  ---------  --------  ----------  --------------  -------------------
/opt/airflow/dags/student_semantic.py                           1           0  0.72s           2023-09-21T06:33:12
================================================================================
[2023-09-21T06:34:07.634+0000] {manager.py:893} INFO - 
================================================================================
DAG File Processing Stats

File Path                              PID    Runtime      # DAGs    # Errors  Last Runtime    Last Run
-------------------------------------  -----  ---------  --------  ----------  --------------  -------------------
/opt/airflow/dags/student_semantic.py                           1           0  0.73s           2023-09-21T06:33:42
================================================================================
[2023-09-21T06:34:09.436+0000] {manager.py:469} INFO - Exiting gracefully upon receiving signal 15
[2023-09-21T06:34:48.676+0000] {manager.py:487} INFO - Processing files using up to 2 processes at a time 
[2023-09-21T06:34:48.678+0000] {manager.py:488} INFO - Process each file at most once every 30 seconds
[2023-09-21T06:34:48.678+0000] {manager.py:489} INFO - Checking for new files in /opt/airflow/dags every 300 seconds
[2023-09-21T06:34:48.678+0000] {manager.py:759} INFO - Searching for files in /opt/airflow/dags
[2023-09-21T06:34:48.680+0000] {manager.py:762} INFO - There are 1 files in /opt/airflow/dags
[2023-09-21T06:34:48.747+0000] {manager.py:893} INFO - 
================================================================================
DAG File Processing Stats

File Path                                PID  Runtime      # DAGs    # Errors  Last Runtime    Last Run
-------------------------------------  -----  ---------  --------  ----------  --------------  ----------
/opt/airflow/dags/student_semantic.py     42  0.03s             0           0
================================================================================
[2023-09-21T06:35:18.900+0000] {manager.py:893} INFO - 
================================================================================
DAG File Processing Stats

File Path                              PID    Runtime      # DAGs    # Errors  Last Runtime    Last Run
-------------------------------------  -----  ---------  --------  ----------  --------------  -------------------
/opt/airflow/dags/student_semantic.py                           1           0  1.03s           2023-09-21T06:34:49
================================================================================
[2023-09-21T06:35:49.105+0000] {manager.py:893} INFO - 
================================================================================
DAG File Processing Stats

File Path                              PID    Runtime      # DAGs    # Errors  Last Runtime    Last Run
-------------------------------------  -----  ---------  --------  ----------  --------------  -------------------
/opt/airflow/dags/student_semantic.py                           1           0  1.08s           2023-09-21T06:35:20
================================================================================
[2023-09-21T06:36:19.427+0000] {manager.py:893} INFO - 
================================================================================
DAG File Processing Stats

File Path                              PID    Runtime      # DAGs    # Errors  Last Runtime    Last Run
-------------------------------------  -----  ---------  --------  ----------  --------------  -------------------
/opt/airflow/dags/student_semantic.py                           1           0  0.81s           2023-09-21T06:35:51
================================================================================
[2023-09-21T06:36:49.616+0000] {manager.py:893} INFO - 
================================================================================
DAG File Processing Stats

File Path                              PID    Runtime      # DAGs    # Errors  Last Runtime    Last Run
-------------------------------------  -----  ---------  --------  ----------  --------------  -------------------
/opt/airflow/dags/student_semantic.py                           1           0  0.70s           2023-09-21T06:36:22
================================================================================
[2023-09-21T06:37:19.799+0000] {manager.py:893} INFO - 
================================================================================
DAG File Processing Stats

File Path                              PID    Runtime      # DAGs    # Errors  Last Runtime    Last Run
-------------------------------------  -----  ---------  --------  ----------  --------------  -------------------
/opt/airflow/dags/student_semantic.py                           1           0  0.71s           2023-09-21T06:36:53
================================================================================
[2023-09-21T06:37:50.019+0000] {manager.py:893} INFO - 
================================================================================
DAG File Processing Stats

File Path                              PID    Runtime      # DAGs    # Errors  Last Runtime    Last Run
-------------------------------------  -----  ---------  --------  ----------  --------------  -------------------
/opt/airflow/dags/student_semantic.py                           1           0  0.70s           2023-09-21T06:37:24
================================================================================
[2023-09-21T06:38:20.192+0000] {manager.py:893} INFO - 
================================================================================
DAG File Processing Stats

File Path                              PID    Runtime      # DAGs    # Errors  Last Runtime    Last Run
-------------------------------------  -----  ---------  --------  ----------  --------------  -------------------
/opt/airflow/dags/student_semantic.py                           1           0  0.73s           2023-09-21T06:37:55
================================================================================
[2023-09-21T06:38:50.379+0000] {manager.py:893} INFO - 
================================================================================
DAG File Processing Stats

File Path                              PID    Runtime      # DAGs    # Errors  Last Runtime    Last Run
-------------------------------------  -----  ---------  --------  ----------  --------------  -------------------
/opt/airflow/dags/student_semantic.py                           1           0  0.68s           2023-09-21T06:38:26
================================================================================
[2023-09-21T06:39:20.621+0000] {manager.py:893} INFO - 
================================================================================
DAG File Processing Stats

File Path                              PID    Runtime      # DAGs    # Errors  Last Runtime    Last Run
-------------------------------------  -----  ---------  --------  ----------  --------------  -------------------
/opt/airflow/dags/student_semantic.py                           1           0  0.70s           2023-09-21T06:38:57
================================================================================
[2023-09-21T06:39:48.785+0000] {manager.py:759} INFO - Searching for files in /opt/airflow/dags
[2023-09-21T06:39:48.789+0000] {manager.py:762} INFO - There are 1 files in /opt/airflow/dags
[2023-09-21T06:39:50.821+0000] {manager.py:893} INFO - 
================================================================================
DAG File Processing Stats

File Path                              PID    Runtime      # DAGs    # Errors  Last Runtime    Last Run
-------------------------------------  -----  ---------  --------  ----------  --------------  -------------------
/opt/airflow/dags/student_semantic.py                           1           0  0.67s           2023-09-21T06:39:27
================================================================================
[2023-09-21T06:40:21.292+0000] {manager.py:893} INFO - 
================================================================================
DAG File Processing Stats

File Path                              PID    Runtime      # DAGs    # Errors  Last Runtime    Last Run
-------------------------------------  -----  ---------  --------  ----------  --------------  -------------------
/opt/airflow/dags/student_semantic.py                           1           0  1.15s           2023-09-21T06:39:59
================================================================================
[2023-09-21T06:40:51.576+0000] {manager.py:893} INFO - 
================================================================================
DAG File Processing Stats

File Path                              PID    Runtime      # DAGs    # Errors  Last Runtime    Last Run
-------------------------------------  -----  ---------  --------  ----------  --------------  -------------------
/opt/airflow/dags/student_semantic.py                           1           0  0.74s           2023-09-21T06:40:30
================================================================================
[2023-09-21T06:41:21.754+0000] {manager.py:893} INFO - 
================================================================================
DAG File Processing Stats

File Path                              PID    Runtime      # DAGs    # Errors  Last Runtime    Last Run
-------------------------------------  -----  ---------  --------  ----------  --------------  -------------------
/opt/airflow/dags/student_semantic.py                           1           0  0.68s           2023-09-21T06:41:00
================================================================================
[2023-09-21T06:41:51.949+0000] {manager.py:893} INFO - 
================================================================================
DAG File Processing Stats

File Path                              PID    Runtime      # DAGs    # Errors  Last Runtime    Last Run
-------------------------------------  -----  ---------  --------  ----------  --------------  -------------------
/opt/airflow/dags/student_semantic.py                           1           0  0.74s           2023-09-21T06:41:31
================================================================================
[2023-09-21T06:42:22.135+0000] {manager.py:893} INFO - 
================================================================================
DAG File Processing Stats

File Path                              PID    Runtime      # DAGs    # Errors  Last Runtime    Last Run
-------------------------------------  -----  ---------  --------  ----------  --------------  -------------------
/opt/airflow/dags/student_semantic.py                           1           0  1.00s           2023-09-21T06:42:03
================================================================================
[2023-09-21T06:42:52.333+0000] {manager.py:893} INFO - 
================================================================================
DAG File Processing Stats

File Path                              PID    Runtime      # DAGs    # Errors  Last Runtime    Last Run
-------------------------------------  -----  ---------  --------  ----------  --------------  -------------------
/opt/airflow/dags/student_semantic.py                           1           0  0.70s           2023-09-21T06:42:33
================================================================================
[2023-09-21T06:43:22.507+0000] {manager.py:893} INFO - 
================================================================================
DAG File Processing Stats

File Path                              PID    Runtime      # DAGs    # Errors  Last Runtime    Last Run
-------------------------------------  -----  ---------  --------  ----------  --------------  -------------------
/opt/airflow/dags/student_semantic.py                           1           0  0.70s           2023-09-21T06:43:04
================================================================================
[2023-09-21T06:43:52.693+0000] {manager.py:893} INFO - 
================================================================================
DAG File Processing Stats

File Path                              PID    Runtime      # DAGs    # Errors  Last Runtime    Last Run
-------------------------------------  -----  ---------  --------  ----------  --------------  -------------------
/opt/airflow/dags/student_semantic.py                           1           0  0.69s           2023-09-21T06:43:35
================================================================================
[2023-09-21T06:44:22.939+0000] {manager.py:893} INFO - 
================================================================================
DAG File Processing Stats

File Path                              PID    Runtime      # DAGs    # Errors  Last Runtime    Last Run
-------------------------------------  -----  ---------  --------  ----------  --------------  -------------------
/opt/airflow/dags/student_semantic.py                           1           0  0.58s           2023-09-21T06:44:06
================================================================================
[2023-09-21T06:44:49.087+0000] {manager.py:759} INFO - Searching for files in /opt/airflow/dags
[2023-09-21T06:44:49.090+0000] {manager.py:762} INFO - There are 1 files in /opt/airflow/dags
[2023-09-21T06:44:53.131+0000] {manager.py:893} INFO - 
================================================================================
DAG File Processing Stats

File Path                              PID    Runtime      # DAGs    # Errors  Last Runtime    Last Run
-------------------------------------  -----  ---------  --------  ----------  --------------  -------------------
/opt/airflow/dags/student_semantic.py                           1           0  0.67s           2023-09-21T06:44:37
================================================================================
[2023-09-21T06:45:23.456+0000] {manager.py:893} INFO - 
================================================================================
DAG File Processing Stats

File Path                              PID    Runtime      # DAGs    # Errors  Last Runtime    Last Run
-------------------------------------  -----  ---------  --------  ----------  --------------  -------------------
/opt/airflow/dags/student_semantic.py                           1           0  0.72s           2023-09-21T06:45:07
================================================================================
[2023-09-21T06:45:53.641+0000] {manager.py:893} INFO - 
================================================================================
DAG File Processing Stats

File Path                              PID    Runtime      # DAGs    # Errors  Last Runtime    Last Run
-------------------------------------  -----  ---------  --------  ----------  --------------  -------------------
/opt/airflow/dags/student_semantic.py                           1           0  0.69s           2023-09-21T06:45:38
================================================================================
[2023-09-21T06:46:23.765+0000] {manager.py:893} INFO - 
================================================================================
DAG File Processing Stats

File Path                              PID    Runtime      # DAGs    # Errors  Last Runtime    Last Run
-------------------------------------  -----  ---------  --------  ----------  --------------  -------------------
/opt/airflow/dags/student_semantic.py                           1           0  0.69s           2023-09-21T06:46:09
================================================================================
[2023-09-21T06:46:54.234+0000] {manager.py:893} INFO - 
================================================================================
DAG File Processing Stats

File Path                              PID    Runtime      # DAGs    # Errors  Last Runtime    Last Run
-------------------------------------  -----  ---------  --------  ----------  --------------  -------------------
/opt/airflow/dags/student_semantic.py                           1           0  0.70s           2023-09-21T06:46:40
================================================================================
[2023-09-21T06:47:24.420+0000] {manager.py:893} INFO - 
================================================================================
DAG File Processing Stats

File Path                              PID    Runtime      # DAGs    # Errors  Last Runtime    Last Run
-------------------------------------  -----  ---------  --------  ----------  --------------  -------------------
/opt/airflow/dags/student_semantic.py                           1           0  0.65s           2023-09-21T06:47:11
================================================================================
[2023-09-21T06:47:54.618+0000] {manager.py:893} INFO - 
================================================================================
DAG File Processing Stats

File Path                              PID    Runtime      # DAGs    # Errors  Last Runtime    Last Run
-------------------------------------  -----  ---------  --------  ----------  --------------  -------------------
/opt/airflow/dags/student_semantic.py                           1           0  0.74s           2023-09-21T06:47:42
================================================================================
[2023-09-21T06:48:24.778+0000] {manager.py:893} INFO - 
================================================================================
DAG File Processing Stats

File Path                              PID    Runtime      # DAGs    # Errors  Last Runtime    Last Run
-------------------------------------  -----  ---------  --------  ----------  --------------  -------------------
/opt/airflow/dags/student_semantic.py                           1           0  0.74s           2023-09-21T06:48:13
================================================================================
[2023-09-21T06:48:54.948+0000] {manager.py:893} INFO - 
================================================================================
DAG File Processing Stats

File Path                              PID    Runtime      # DAGs    # Errors  Last Runtime    Last Run
-------------------------------------  -----  ---------  --------  ----------  --------------  -------------------
/opt/airflow/dags/student_semantic.py                           1           0  0.79s           2023-09-21T06:48:44
================================================================================
[2023-09-21T06:49:25.051+0000] {manager.py:893} INFO - 
================================================================================
DAG File Processing Stats

File Path                              PID    Runtime      # DAGs    # Errors  Last Runtime    Last Run
-------------------------------------  -----  ---------  --------  ----------  --------------  -------------------
/opt/airflow/dags/student_semantic.py                           1           0  0.73s           2023-09-21T06:49:15
================================================================================
[2023-09-21T06:49:49.438+0000] {manager.py:759} INFO - Searching for files in /opt/airflow/dags
[2023-09-21T06:49:49.441+0000] {manager.py:762} INFO - There are 1 files in /opt/airflow/dags
[2023-09-21T06:49:55.493+0000] {manager.py:893} INFO - 
================================================================================
DAG File Processing Stats

File Path                              PID    Runtime      # DAGs    # Errors  Last Runtime    Last Run
-------------------------------------  -----  ---------  --------  ----------  --------------  -------------------
/opt/airflow/dags/student_semantic.py                           1           0  0.70s           2023-09-21T06:49:45
================================================================================
[2023-09-21T06:50:25.651+0000] {manager.py:893} INFO - 
================================================================================
DAG File Processing Stats

File Path                              PID    Runtime      # DAGs    # Errors  Last Runtime    Last Run
-------------------------------------  -----  ---------  --------  ----------  --------------  -------------------
/opt/airflow/dags/student_semantic.py                           1           0  0.64s           2023-09-21T06:50:16
================================================================================
[2023-09-21T06:50:55.845+0000] {manager.py:893} INFO - 
================================================================================
DAG File Processing Stats

File Path                              PID    Runtime      # DAGs    # Errors  Last Runtime    Last Run
-------------------------------------  -----  ---------  --------  ----------  --------------  -------------------
/opt/airflow/dags/student_semantic.py                           1           0  0.69s           2023-09-21T06:50:47
================================================================================
[2023-09-21T06:51:26.002+0000] {manager.py:893} INFO - 
================================================================================
DAG File Processing Stats

File Path                              PID    Runtime      # DAGs    # Errors  Last Runtime    Last Run
-------------------------------------  -----  ---------  --------  ----------  --------------  -------------------
/opt/airflow/dags/student_semantic.py                           1           0  0.71s           2023-09-21T06:51:18
================================================================================
[2023-09-21T06:51:56.175+0000] {manager.py:893} INFO - 
================================================================================
DAG File Processing Stats

File Path                              PID    Runtime      # DAGs    # Errors  Last Runtime    Last Run
-------------------------------------  -----  ---------  --------  ----------  --------------  -------------------
/opt/airflow/dags/student_semantic.py                           1           0  0.76s           2023-09-21T06:51:49
================================================================================
[2023-09-21T06:52:26.485+0000] {manager.py:893} INFO - 
================================================================================
DAG File Processing Stats

File Path                              PID    Runtime      # DAGs    # Errors  Last Runtime    Last Run
-------------------------------------  -----  ---------  --------  ----------  --------------  -------------------
/opt/airflow/dags/student_semantic.py                           1           0  0.72s           2023-09-21T06:52:20
================================================================================
[2023-09-21T06:52:56.640+0000] {manager.py:893} INFO - 
================================================================================
DAG File Processing Stats

File Path                              PID    Runtime      # DAGs    # Errors  Last Runtime    Last Run
-------------------------------------  -----  ---------  --------  ----------  --------------  -------------------
/opt/airflow/dags/student_semantic.py                           1           0  0.74s           2023-09-21T06:52:50
================================================================================
[2023-09-21T06:53:26.816+0000] {manager.py:893} INFO - 
================================================================================
DAG File Processing Stats

File Path                              PID    Runtime      # DAGs    # Errors  Last Runtime    Last Run
-------------------------------------  -----  ---------  --------  ----------  --------------  -------------------
/opt/airflow/dags/student_semantic.py                           1           0  0.70s           2023-09-21T06:53:21
================================================================================
[2023-09-21T06:53:57.032+0000] {manager.py:893} INFO - 
================================================================================
DAG File Processing Stats

File Path                              PID    Runtime      # DAGs    # Errors  Last Runtime    Last Run
-------------------------------------  -----  ---------  --------  ----------  --------------  -------------------
/opt/airflow/dags/student_semantic.py                           1           0  0.71s           2023-09-21T06:53:52
================================================================================
[2023-09-21T06:54:27.202+0000] {manager.py:893} INFO - 
================================================================================
DAG File Processing Stats

File Path                              PID    Runtime      # DAGs    # Errors  Last Runtime    Last Run
-------------------------------------  -----  ---------  --------  ----------  --------------  -------------------
/opt/airflow/dags/student_semantic.py                           1           0  0.66s           2023-09-21T06:54:23
================================================================================
[2023-09-21T06:54:49.705+0000] {manager.py:759} INFO - Searching for files in /opt/airflow/dags
[2023-09-21T06:54:49.710+0000] {manager.py:762} INFO - There are 1 files in /opt/airflow/dags
[2023-09-21T06:54:57.389+0000] {manager.py:893} INFO - 
================================================================================
DAG File Processing Stats

File Path                              PID    Runtime      # DAGs    # Errors  Last Runtime    Last Run
-------------------------------------  -----  ---------  --------  ----------  --------------  -------------------
/opt/airflow/dags/student_semantic.py                           1           0  0.72s           2023-09-21T06:54:54
================================================================================
[2023-09-21T06:55:27.656+0000] {manager.py:893} INFO - 
================================================================================
DAG File Processing Stats

File Path                              PID    Runtime      # DAGs    # Errors  Last Runtime    Last Run
-------------------------------------  -----  ---------  --------  ----------  --------------  -------------------
/opt/airflow/dags/student_semantic.py                           1           0  0.69s           2023-09-21T06:55:25
================================================================================
[2023-09-21T06:55:57.825+0000] {manager.py:893} INFO - 
================================================================================
DAG File Processing Stats

File Path                              PID    Runtime      # DAGs    # Errors  Last Runtime    Last Run
-------------------------------------  -----  ---------  --------  ----------  --------------  -------------------
/opt/airflow/dags/student_semantic.py                           1           0  0.76s           2023-09-21T06:55:56
================================================================================
[2023-09-21T06:56:28.024+0000] {manager.py:893} INFO - 
================================================================================
DAG File Processing Stats

File Path                              PID    Runtime      # DAGs    # Errors  Last Runtime    Last Run
-------------------------------------  -----  ---------  --------  ----------  --------------  -------------------
/opt/airflow/dags/student_semantic.py                           1           0  0.69s           2023-09-21T06:56:27
================================================================================
[2023-09-21T06:56:58.229+0000] {manager.py:893} INFO - 
================================================================================
DAG File Processing Stats

File Path                              PID    Runtime      # DAGs    # Errors  Last Runtime    Last Run
-------------------------------------  -----  ---------  --------  ----------  --------------  -------------------
/opt/airflow/dags/student_semantic.py                           1           0  0.79s           2023-09-21T06:56:57
================================================================================
[2023-09-21T06:57:28.396+0000] {manager.py:893} INFO - 
================================================================================
DAG File Processing Stats

File Path                                PID  Runtime      # DAGs    # Errors  Last Runtime    Last Run
-------------------------------------  -----  ---------  --------  ----------  --------------  -------------------
/opt/airflow/dags/student_semantic.py    489  0.21s             1           0  0.79s           2023-09-21T06:56:57
================================================================================
[2023-09-21T06:57:58.565+0000] {manager.py:893} INFO - 
================================================================================
DAG File Processing Stats

File Path                              PID    Runtime      # DAGs    # Errors  Last Runtime    Last Run
-------------------------------------  -----  ---------  --------  ----------  --------------  -------------------
/opt/airflow/dags/student_semantic.py                           1           0  0.74s           2023-09-21T06:57:28
================================================================================
[2023-09-21T06:58:28.728+0000] {manager.py:893} INFO - 
================================================================================
DAG File Processing Stats

File Path                              PID    Runtime      # DAGs    # Errors  Last Runtime    Last Run
-------------------------------------  -----  ---------  --------  ----------  --------------  -------------------
/opt/airflow/dags/student_semantic.py                           1           0  0.68s           2023-09-21T06:57:59
================================================================================
[2023-09-21T06:58:58.900+0000] {manager.py:893} INFO - 
================================================================================
DAG File Processing Stats

File Path                              PID    Runtime      # DAGs    # Errors  Last Runtime    Last Run
-------------------------------------  -----  ---------  --------  ----------  --------------  -------------------
/opt/airflow/dags/student_semantic.py                           1           0  0.80s           2023-09-21T06:58:30
================================================================================
[2023-09-21T06:59:29.246+0000] {manager.py:893} INFO - 
================================================================================
DAG File Processing Stats

File Path                              PID    Runtime      # DAGs    # Errors  Last Runtime    Last Run
-------------------------------------  -----  ---------  --------  ----------  --------------  -------------------
/opt/airflow/dags/student_semantic.py                           1           0  0.72s           2023-09-21T06:59:01
================================================================================
[2023-09-21T06:59:50.358+0000] {manager.py:759} INFO - Searching for files in /opt/airflow/dags
[2023-09-21T06:59:50.363+0000] {manager.py:762} INFO - There are 1 files in /opt/airflow/dags
[2023-09-21T06:59:59.453+0000] {manager.py:893} INFO - 
================================================================================
DAG File Processing Stats

File Path                              PID    Runtime      # DAGs    # Errors  Last Runtime    Last Run
-------------------------------------  -----  ---------  --------  ----------  --------------  -------------------
/opt/airflow/dags/student_semantic.py                           1           0  0.75s           2023-09-21T06:59:32
================================================================================
[2023-09-21T07:00:29.593+0000] {manager.py:893} INFO - 
================================================================================
DAG File Processing Stats

File Path                              PID    Runtime      # DAGs    # Errors  Last Runtime    Last Run
-------------------------------------  -----  ---------  --------  ----------  --------------  -------------------
/opt/airflow/dags/student_semantic.py                           1           0  0.74s           2023-09-21T07:00:03
================================================================================
[2023-09-21T07:01:00.036+0000] {manager.py:893} INFO - 
================================================================================
DAG File Processing Stats

File Path                              PID    Runtime      # DAGs    # Errors  Last Runtime    Last Run
-------------------------------------  -----  ---------  --------  ----------  --------------  -------------------
/opt/airflow/dags/student_semantic.py                           1           0  0.75s           2023-09-21T07:00:34
================================================================================
[2023-09-21T07:01:30.202+0000] {manager.py:893} INFO - 
================================================================================
DAG File Processing Stats

File Path                              PID    Runtime      # DAGs    # Errors  Last Runtime    Last Run
-------------------------------------  -----  ---------  --------  ----------  --------------  -------------------
/opt/airflow/dags/student_semantic.py                           1           0  0.78s           2023-09-21T07:01:05
================================================================================
[2023-09-21T07:02:00.384+0000] {manager.py:893} INFO - 
================================================================================
DAG File Processing Stats

File Path                              PID    Runtime      # DAGs    # Errors  Last Runtime    Last Run
-------------------------------------  -----  ---------  --------  ----------  --------------  -------------------
/opt/airflow/dags/student_semantic.py                           1           0  0.76s           2023-09-21T07:01:36
================================================================================
[2023-09-21T07:02:30.803+0000] {manager.py:893} INFO - 
================================================================================
DAG File Processing Stats

File Path                              PID    Runtime      # DAGs    # Errors  Last Runtime    Last Run
-------------------------------------  -----  ---------  --------  ----------  --------------  -------------------
/opt/airflow/dags/student_semantic.py                           1           0  0.74s           2023-09-21T07:02:07
================================================================================
[2023-09-21T07:03:00.997+0000] {manager.py:893} INFO - 
================================================================================
DAG File Processing Stats

File Path                              PID    Runtime      # DAGs    # Errors  Last Runtime    Last Run
-------------------------------------  -----  ---------  --------  ----------  --------------  -------------------
/opt/airflow/dags/student_semantic.py                           1           0  0.75s           2023-09-21T07:02:38
================================================================================
[2023-09-21T07:03:31.125+0000] {manager.py:893} INFO - 
================================================================================
DAG File Processing Stats

File Path                              PID    Runtime      # DAGs    # Errors  Last Runtime    Last Run
-------------------------------------  -----  ---------  --------  ----------  --------------  -------------------
/opt/airflow/dags/student_semantic.py                           1           0  0.75s           2023-09-21T07:03:08
================================================================================
[2023-09-21T07:04:01.546+0000] {manager.py:893} INFO - 
================================================================================
DAG File Processing Stats

File Path                              PID    Runtime      # DAGs    # Errors  Last Runtime    Last Run
-------------------------------------  -----  ---------  --------  ----------  --------------  -------------------
/opt/airflow/dags/student_semantic.py                           1           0  0.71s           2023-09-21T07:03:39
================================================================================
[2023-09-21T07:04:31.726+0000] {manager.py:893} INFO - 
================================================================================
DAG File Processing Stats

File Path                              PID    Runtime      # DAGs    # Errors  Last Runtime    Last Run
-------------------------------------  -----  ---------  --------  ----------  --------------  -------------------
/opt/airflow/dags/student_semantic.py                           1           0  0.70s           2023-09-21T07:04:10
================================================================================
[2023-09-21T07:04:50.869+0000] {manager.py:759} INFO - Searching for files in /opt/airflow/dags
[2023-09-21T07:04:50.872+0000] {manager.py:762} INFO - There are 1 files in /opt/airflow/dags
[2023-09-21T07:05:01.958+0000] {manager.py:893} INFO - 
================================================================================
DAG File Processing Stats

File Path                              PID    Runtime      # DAGs    # Errors  Last Runtime    Last Run
-------------------------------------  -----  ---------  --------  ----------  --------------  -------------------
/opt/airflow/dags/student_semantic.py                           1           0  1.10s           2023-09-21T07:04:41
================================================================================
[2023-09-21T07:05:32.170+0000] {manager.py:893} INFO - 
================================================================================
DAG File Processing Stats

File Path                              PID    Runtime      # DAGs    # Errors  Last Runtime    Last Run
-------------------------------------  -----  ---------  --------  ----------  --------------  -------------------
/opt/airflow/dags/student_semantic.py                           1           0  0.72s           2023-09-21T07:05:12
================================================================================
[2023-09-21T07:06:02.347+0000] {manager.py:893} INFO - 
================================================================================
DAG File Processing Stats

File Path                              PID    Runtime      # DAGs    # Errors  Last Runtime    Last Run
-------------------------------------  -----  ---------  --------  ----------  --------------  -------------------
/opt/airflow/dags/student_semantic.py                           1           0  0.65s           2023-09-21T07:05:43
================================================================================
[2023-09-21T07:06:32.533+0000] {manager.py:893} INFO - 
================================================================================
DAG File Processing Stats

File Path                              PID    Runtime      # DAGs    # Errors  Last Runtime    Last Run
-------------------------------------  -----  ---------  --------  ----------  --------------  -------------------
/opt/airflow/dags/student_semantic.py                           1           0  0.71s           2023-09-21T07:06:14
================================================================================
[2023-09-21T07:07:02.749+0000] {manager.py:893} INFO - 
================================================================================
DAG File Processing Stats

File Path                              PID    Runtime      # DAGs    # Errors  Last Runtime    Last Run
-------------------------------------  -----  ---------  --------  ----------  --------------  -------------------
/opt/airflow/dags/student_semantic.py                           1           0  0.69s           2023-09-21T07:06:45
================================================================================
[2023-09-21T07:07:32.911+0000] {manager.py:893} INFO - 
================================================================================
DAG File Processing Stats

File Path                              PID    Runtime      # DAGs    # Errors  Last Runtime    Last Run
-------------------------------------  -----  ---------  --------  ----------  --------------  -------------------
/opt/airflow/dags/student_semantic.py                           1           0  0.68s           2023-09-21T07:07:16
================================================================================
[2023-09-21T07:08:03.106+0000] {manager.py:893} INFO - 
================================================================================
DAG File Processing Stats

File Path                              PID    Runtime      # DAGs    # Errors  Last Runtime    Last Run
-------------------------------------  -----  ---------  --------  ----------  --------------  -------------------
/opt/airflow/dags/student_semantic.py                           1           0  0.71s           2023-09-21T07:07:47
================================================================================
[2023-09-21T07:08:33.301+0000] {manager.py:893} INFO - 
================================================================================
DAG File Processing Stats

File Path                              PID    Runtime      # DAGs    # Errors  Last Runtime    Last Run
-------------------------------------  -----  ---------  --------  ----------  --------------  -------------------
/opt/airflow/dags/student_semantic.py                           1           0  0.69s           2023-09-21T07:08:17
================================================================================
[2023-09-21T07:09:03.478+0000] {manager.py:893} INFO - 
================================================================================
DAG File Processing Stats

File Path                              PID    Runtime      # DAGs    # Errors  Last Runtime    Last Run
-------------------------------------  -----  ---------  --------  ----------  --------------  -------------------
/opt/airflow/dags/student_semantic.py                           1           0  0.73s           2023-09-21T07:08:48
================================================================================
[2023-09-21T07:09:33.660+0000] {manager.py:893} INFO - 
================================================================================
DAG File Processing Stats

File Path                              PID    Runtime      # DAGs    # Errors  Last Runtime    Last Run
-------------------------------------  -----  ---------  --------  ----------  --------------  -------------------
/opt/airflow/dags/student_semantic.py                           1           0  0.74s           2023-09-21T07:09:19
================================================================================
[2023-09-21T07:09:50.896+0000] {manager.py:759} INFO - Searching for files in /opt/airflow/dags
[2023-09-21T07:09:50.899+0000] {manager.py:762} INFO - There are 1 files in /opt/airflow/dags
[2023-09-21T07:10:03.995+0000] {manager.py:893} INFO - 
================================================================================
DAG File Processing Stats

File Path                              PID    Runtime      # DAGs    # Errors  Last Runtime    Last Run
-------------------------------------  -----  ---------  --------  ----------  --------------  -------------------
/opt/airflow/dags/student_semantic.py                           1           0  0.64s           2023-09-21T07:09:50
================================================================================
[2023-09-21T07:10:34.172+0000] {manager.py:893} INFO - 
================================================================================
DAG File Processing Stats

File Path                              PID    Runtime      # DAGs    # Errors  Last Runtime    Last Run
-------------------------------------  -----  ---------  --------  ----------  --------------  -------------------
/opt/airflow/dags/student_semantic.py                           1           0  0.76s           2023-09-21T07:10:21
================================================================================
[2023-09-21T07:11:04.341+0000] {manager.py:893} INFO - 
================================================================================
DAG File Processing Stats

File Path                              PID    Runtime      # DAGs    # Errors  Last Runtime    Last Run
-------------------------------------  -----  ---------  --------  ----------  --------------  -------------------
/opt/airflow/dags/student_semantic.py                           1           0  0.77s           2023-09-21T07:10:52
================================================================================
[2023-09-21T07:11:34.738+0000] {manager.py:893} INFO - 
================================================================================
DAG File Processing Stats

File Path                              PID    Runtime      # DAGs    # Errors  Last Runtime    Last Run
-------------------------------------  -----  ---------  --------  ----------  --------------  -------------------
/opt/airflow/dags/student_semantic.py                           1           0  0.67s           2023-09-21T07:11:23
================================================================================
[2023-09-21T07:12:04.925+0000] {manager.py:893} INFO - 
================================================================================
DAG File Processing Stats

File Path                              PID    Runtime      # DAGs    # Errors  Last Runtime    Last Run
-------------------------------------  -----  ---------  --------  ----------  --------------  -------------------
/opt/airflow/dags/student_semantic.py                           1           0  0.73s           2023-09-21T07:11:54
================================================================================
[2023-09-21T07:12:35.257+0000] {manager.py:893} INFO - 
================================================================================
DAG File Processing Stats

File Path                              PID    Runtime      # DAGs    # Errors  Last Runtime    Last Run
-------------------------------------  -----  ---------  --------  ----------  --------------  -------------------
/opt/airflow/dags/student_semantic.py                           1           0  0.74s           2023-09-21T07:12:24
================================================================================
[2023-09-21T07:13:05.438+0000] {manager.py:893} INFO - 
================================================================================
DAG File Processing Stats

File Path                              PID    Runtime      # DAGs    # Errors  Last Runtime    Last Run
-------------------------------------  -----  ---------  --------  ----------  --------------  -------------------
/opt/airflow/dags/student_semantic.py                           1           0  0.73s           2023-09-21T07:12:55
================================================================================
[2023-09-21T07:13:35.619+0000] {manager.py:893} INFO - 
================================================================================
DAG File Processing Stats

File Path                              PID    Runtime      # DAGs    # Errors  Last Runtime    Last Run
-------------------------------------  -----  ---------  --------  ----------  --------------  -------------------
/opt/airflow/dags/student_semantic.py                           1           0  0.68s           2023-09-21T07:13:26
================================================================================
[2023-09-21T07:14:06.111+0000] {manager.py:893} INFO - 
================================================================================
DAG File Processing Stats

File Path                              PID    Runtime      # DAGs    # Errors  Last Runtime    Last Run
-------------------------------------  -----  ---------  --------  ----------  --------------  -------------------
/opt/airflow/dags/student_semantic.py                           1           0  0.68s           2023-09-21T07:13:57
================================================================================
[2023-09-21T07:14:36.296+0000] {manager.py:893} INFO - 
================================================================================
DAG File Processing Stats

File Path                              PID    Runtime      # DAGs    # Errors  Last Runtime    Last Run
-------------------------------------  -----  ---------  --------  ----------  --------------  -------------------
/opt/airflow/dags/student_semantic.py                           1           0  0.74s           2023-09-21T07:14:28
================================================================================
[2023-09-21T07:14:51.390+0000] {manager.py:759} INFO - Searching for files in /opt/airflow/dags
[2023-09-21T07:14:51.393+0000] {manager.py:762} INFO - There are 1 files in /opt/airflow/dags
[2023-09-21T07:15:06.560+0000] {manager.py:893} INFO - 
================================================================================
DAG File Processing Stats

File Path                              PID    Runtime      # DAGs    # Errors  Last Runtime    Last Run
-------------------------------------  -----  ---------  --------  ----------  --------------  -------------------
/opt/airflow/dags/student_semantic.py                           1           0  0.74s           2023-09-21T07:14:59
================================================================================
[2023-09-21T07:15:36.735+0000] {manager.py:893} INFO - 
================================================================================
DAG File Processing Stats

File Path                              PID    Runtime      # DAGs    # Errors  Last Runtime    Last Run
-------------------------------------  -----  ---------  --------  ----------  --------------  -------------------
/opt/airflow/dags/student_semantic.py                           1           0  0.67s           2023-09-21T07:15:30
================================================================================
[2023-09-21T07:16:06.916+0000] {manager.py:893} INFO - 
================================================================================
DAG File Processing Stats

File Path                              PID    Runtime      # DAGs    # Errors  Last Runtime    Last Run
-------------------------------------  -----  ---------  --------  ----------  --------------  -------------------
/opt/airflow/dags/student_semantic.py                           1           0  0.73s           2023-09-21T07:16:00
================================================================================
[2023-09-21T07:16:37.152+0000] {manager.py:893} INFO - 
================================================================================
DAG File Processing Stats

File Path                              PID    Runtime      # DAGs    # Errors  Last Runtime    Last Run
-------------------------------------  -----  ---------  --------  ----------  --------------  -------------------
/opt/airflow/dags/student_semantic.py                           1           0  0.73s           2023-09-21T07:16:31
================================================================================
[2023-09-21T07:17:07.328+0000] {manager.py:893} INFO - 
================================================================================
DAG File Processing Stats

File Path                              PID    Runtime      # DAGs    # Errors  Last Runtime    Last Run
-------------------------------------  -----  ---------  --------  ----------  --------------  -------------------
/opt/airflow/dags/student_semantic.py                           1           0  0.72s           2023-09-21T07:17:02
================================================================================
[2023-09-21T07:17:37.506+0000] {manager.py:893} INFO - 
================================================================================
DAG File Processing Stats

File Path                              PID    Runtime      # DAGs    # Errors  Last Runtime    Last Run
-------------------------------------  -----  ---------  --------  ----------  --------------  -------------------
/opt/airflow/dags/student_semantic.py                           1           0  0.77s           2023-09-21T07:17:33
================================================================================
[2023-09-21T07:18:07.516+0000] {manager.py:893} INFO - 
================================================================================
DAG File Processing Stats

File Path                              PID    Runtime      # DAGs    # Errors  Last Runtime    Last Run
-------------------------------------  -----  ---------  --------  ----------  --------------  -------------------
/opt/airflow/dags/student_semantic.py                           1           0  0.82s           2023-09-21T07:18:04
================================================================================
