[2023-09-20T19:14:34.768+0000] {taskinstance.py:1157} INFO - Dependencies all met for dep_context=non-requeueable deps ti=<TaskInstance: student_semantic.sed_to_processed_lake manual__2023-09-20T19:14:33.405265+00:00 [queued]>
[2023-09-20T19:14:34.780+0000] {taskinstance.py:1157} INFO - Dependencies all met for dep_context=requeueable deps ti=<TaskInstance: student_semantic.sed_to_processed_lake manual__2023-09-20T19:14:33.405265+00:00 [queued]>
[2023-09-20T19:14:34.781+0000] {taskinstance.py:1359} INFO - Starting attempt 1 of 1
[2023-09-20T19:14:34.795+0000] {taskinstance.py:1380} INFO - Executing <Task(PythonOperator): sed_to_processed_lake> on 2023-09-20 19:14:33.405265+00:00
[2023-09-20T19:14:34.808+0000] {standard_task_runner.py:57} INFO - Started process 139 to run task
[2023-09-20T19:14:34.822+0000] {standard_task_runner.py:84} INFO - Running: ['***', 'tasks', 'run', 'student_semantic', 'sed_to_processed_lake', 'manual__2023-09-20T19:14:33.405265+00:00', '--job-id', '8', '--raw', '--subdir', 'DAGS_FOLDER/student_semantic.py', '--cfg-path', '/tmp/tmpclbo03rd']
[2023-09-20T19:14:34.838+0000] {standard_task_runner.py:85} INFO - Job 8: Subtask sed_to_processed_lake
[2023-09-20T19:14:34.971+0000] {task_command.py:415} INFO - Running <TaskInstance: student_semantic.sed_to_processed_lake manual__2023-09-20T19:14:33.405265+00:00 [running]> on host 6086152831d6
[2023-09-20T19:14:35.613+0000] {taskinstance.py:1660} INFO - Exporting env vars: AIRFLOW_CTX_DAG_OWNER='***' AIRFLOW_CTX_DAG_ID='student_semantic' AIRFLOW_CTX_TASK_ID='sed_to_processed_lake' AIRFLOW_CTX_EXECUTION_DATE='2023-09-20T19:14:33.405265+00:00' AIRFLOW_CTX_TRY_NUMBER='1' AIRFLOW_CTX_DAG_RUN_ID='manual__2023-09-20T19:14:33.405265+00:00'
[2023-09-20T19:14:35.614+0000] {taskinstance.py:1935} ERROR - Task failed with exception
Traceback (most recent call last):
  File "/home/airflow/.local/lib/python3.8/site-packages/airflow/operators/python.py", line 192, in execute
    return_value = self.execute_callable()
  File "/home/airflow/.local/lib/python3.8/site-packages/airflow/operators/python.py", line 209, in execute_callable
    return self.python_callable(*self.op_args, **self.op_kwargs)
  File "/opt/airflow/dags/packages/student_semantic/student_semantic.py", line 84, in send_data_to_processed
    df_processed = get_xcom(tasks)
  File "/opt/airflow/dags/packages/student_semantic/student_semantic.py", line 6, in get_xcom
    return context["ti"].xcom_pull(task_ids=tasks_lists)
KeyError: 'ti'
[2023-09-20T19:14:35.625+0000] {taskinstance.py:1398} INFO - Marking task as FAILED. dag_id=student_semantic, task_id=sed_to_processed_lake, execution_date=20230920T191433, start_date=20230920T191434, end_date=20230920T191435
[2023-09-20T19:14:35.637+0000] {standard_task_runner.py:104} ERROR - Failed to execute job 8 for task sed_to_processed_lake ('ti'; 139)
[2023-09-20T19:14:35.677+0000] {local_task_job_runner.py:228} INFO - Task exited with return code 1
[2023-09-20T19:14:35.688+0000] {taskinstance.py:2776} INFO - 0 downstream tasks scheduled from follow-on schedule check
