[2023-09-21T01:56:28.160+0000] {taskinstance.py:1157} INFO - Dependencies all met for dep_context=non-requeueable deps ti=<TaskInstance: student_semantic.send_to_snowflake manual__2023-09-21T01:56:22.507389+00:00 [queued]>
[2023-09-21T01:56:28.166+0000] {taskinstance.py:1157} INFO - Dependencies all met for dep_context=requeueable deps ti=<TaskInstance: student_semantic.send_to_snowflake manual__2023-09-21T01:56:22.507389+00:00 [queued]>
[2023-09-21T01:56:28.167+0000] {taskinstance.py:1359} INFO - Starting attempt 1 of 1
[2023-09-21T01:56:28.177+0000] {taskinstance.py:1380} INFO - Executing <Task(PythonOperator): send_to_snowflake> on 2023-09-21 01:56:22.507389+00:00
[2023-09-21T01:56:28.182+0000] {standard_task_runner.py:57} INFO - Started process 2766 to run task
[2023-09-21T01:56:28.185+0000] {standard_task_runner.py:84} INFO - Running: ['***', 'tasks', 'run', 'student_semantic', 'send_to_snowflake', 'manual__2023-09-21T01:56:22.507389+00:00', '--job-id', '515', '--raw', '--subdir', 'DAGS_FOLDER/student_semantic.py', '--cfg-path', '/tmp/tmp5yc3m3lu']
[2023-09-21T01:56:28.187+0000] {standard_task_runner.py:85} INFO - Job 515: Subtask send_to_snowflake
[2023-09-21T01:56:28.222+0000] {task_command.py:415} INFO - Running <TaskInstance: student_semantic.send_to_snowflake manual__2023-09-21T01:56:22.507389+00:00 [running]> on host fd67d4db30a8
[2023-09-21T01:56:28.282+0000] {taskinstance.py:1660} INFO - Exporting env vars: AIRFLOW_CTX_DAG_OWNER='***' AIRFLOW_CTX_DAG_ID='student_semantic' AIRFLOW_CTX_TASK_ID='send_to_snowflake' AIRFLOW_CTX_EXECUTION_DATE='2023-09-21T01:56:22.507389+00:00' AIRFLOW_CTX_TRY_NUMBER='1' AIRFLOW_CTX_DAG_RUN_ID='manual__2023-09-21T01:56:22.507389+00:00'
[2023-09-21T01:56:28.325+0000] {connection.py:314} INFO - Snowflake Connector for Python Version: 3.1.1, Python Version: 3.8.18, Platform: Linux-5.10.16.3-microsoft-standard-WSL2-x86_64-with-glibc2.2.5
[2023-09-21T01:56:28.326+0000] {connection.py:1050} INFO - This connection is in OCSP Fail Open Mode. TLS Certificates would be checked for validity and revocation status. Any other Certificate Revocation related exceptions or OCSP Responder failures would be disregarded in favor of connectivity.
[2023-09-21T01:56:28.326+0000] {connection.py:1060} INFO - THIS CONNECTION IS IN INSECURE MODE. IT MEANS THE CERTIFICATE WILL BE VALIDATED BUT THE CERTIFICATE REVOCATION STATUS WILL NOT BE CHECKED.
[2023-09-21T01:56:28.326+0000] {connection.py:1068} INFO - Setting use_openssl_only mode to False
[2023-09-21T01:56:28.429+0000] {ssl_wrap_socket.py:100} INFO - THIS CONNECTION IS IN INSECURE MODE. IT MEANS THE CERTIFICATE WILL BE VALIDATED BUT THE CERTIFICATE REVOCATION STATUS WILL NOT BE CHECKED.
[2023-09-21T01:56:28.909+0000] {cursor.py:804} INFO - query: [select current_database(), current_schema();]
[2023-09-21T01:56:29.125+0000] {cursor.py:817} INFO - query execution done
[2023-09-21T01:56:29.125+0000] {cursor.py:959} INFO - Number of results in first chunk: 1
[2023-09-21T01:56:29.127+0000] {cursor.py:804} INFO - query: [ROLLBACK]
[2023-09-21T01:56:29.341+0000] {cursor.py:817} INFO - query execution done
[2023-09-21T01:56:29.342+0000] {cursor.py:959} INFO - Number of results in first chunk: 1
[2023-09-21T01:56:29.343+0000] {cursor.py:804} INFO - query: [CREATE OR REPLACE TABLE student_data( student_id VARCHAR, name VARCHAR, grades_m...]
[2023-09-21T01:56:29.666+0000] {cursor.py:817} INFO - query execution done
[2023-09-21T01:56:29.667+0000] {cursor.py:959} INFO - Number of results in first chunk: 1
[2023-09-21T01:56:29.672+0000] {cursor.py:804} INFO - query: [DESC TABLE /* sqlalchemy:_has_object */ student_data]
[2023-09-21T01:56:29.889+0000] {cursor.py:817} INFO - query execution done
[2023-09-21T01:56:29.890+0000] {cursor.py:959} INFO - Number of results in first chunk: 7
[2023-09-21T01:56:29.892+0000] {cursor.py:804} INFO - query: [DESC TABLE /* sqlalchemy:_has_object */ student_data]
[2023-09-21T01:56:30.131+0000] {cursor.py:817} INFO - query execution done
[2023-09-21T01:56:30.131+0000] {cursor.py:959} INFO - Number of results in first chunk: 7
[2023-09-21T01:56:30.132+0000] {cursor.py:804} INFO - query: [SHOW /* sqlalchemy:get_table_names */ TABLES IN student_semantic]
[2023-09-21T01:56:30.365+0000] {cursor.py:817} INFO - query execution done
[2023-09-21T01:56:30.367+0000] {cursor.py:959} INFO - Number of results in first chunk: 1
[2023-09-21T01:56:30.369+0000] {cursor.py:804} INFO - query: [select current_database(), current_schema();]
[2023-09-21T01:56:30.578+0000] {cursor.py:817} INFO - query execution done
[2023-09-21T01:56:30.579+0000] {cursor.py:959} INFO - Number of results in first chunk: 1
[2023-09-21T01:56:30.580+0000] {cursor.py:804} INFO - query: [SHOW /* sqlalchemy:_get_schema_primary_keys */PRIMARY KEYS IN SCHEMA student_sem...]
[2023-09-21T01:56:30.802+0000] {cursor.py:817} INFO - query execution done
[2023-09-21T01:56:30.802+0000] {cursor.py:959} INFO - Number of results in first chunk: 0
[2023-09-21T01:56:30.803+0000] {cursor.py:804} INFO - query: [SELECT /* sqlalchemy:_get_schema_columns */ ic.table_name, ic.column_name, ic.da...]
[2023-09-21T01:56:32.697+0000] {cursor.py:817} INFO - query execution done
[2023-09-21T01:56:32.698+0000] {cursor.py:959} INFO - Number of results in first chunk: 7
[2023-09-21T01:56:32.700+0000] {cursor.py:804} INFO - query: [SHOW /* sqlalchemy:_get_schema_foreign_keys */ IMPORTED KEYS IN SCHEMA student_s...]
[2023-09-21T01:56:32.920+0000] {cursor.py:817} INFO - query execution done
[2023-09-21T01:56:32.920+0000] {cursor.py:959} INFO - Number of results in first chunk: 0
[2023-09-21T01:56:32.921+0000] {cursor.py:804} INFO - query: [SHOW /* sqlalchemy:_get_schema_unique_constraints */ UNIQUE KEYS IN SCHEMA stude...]
[2023-09-21T01:56:33.159+0000] {cursor.py:817} INFO - query execution done
[2023-09-21T01:56:33.160+0000] {cursor.py:959} INFO - Number of results in first chunk: 0
[2023-09-21T01:56:33.161+0000] {cursor.py:804} INFO - query: [SHOW /* sqlalchemy:_get_table_comment */ TABLES LIKE 'student_data']
[2023-09-21T01:56:33.400+0000] {cursor.py:817} INFO - query execution done
[2023-09-21T01:56:33.400+0000] {cursor.py:959} INFO - Number of results in first chunk: 1
[2023-09-21T01:56:33.401+0000] {cursor.py:804} INFO - query: [DROP TABLE student_data]
[2023-09-21T01:56:33.657+0000] {cursor.py:817} INFO - query execution done
[2023-09-21T01:56:33.658+0000] {cursor.py:959} INFO - Number of results in first chunk: 1
[2023-09-21T01:56:33.660+0000] {cursor.py:804} INFO - query: [CREATE TABLE student_data ( "STUDENT_ID" TEXT, "NAME" TEXT, "GRADES_MATH" BIGINT...]
[2023-09-21T01:56:34.039+0000] {cursor.py:817} INFO - query execution done
[2023-09-21T01:56:34.039+0000] {cursor.py:959} INFO - Number of results in first chunk: 1
[2023-09-21T01:56:34.041+0000] {cursor.py:804} INFO - query: [CREATE TEMP STAGE /* Python:snowflake.connector.pandas_tools.write_pandas() */ "...]
[2023-09-21T01:56:34.286+0000] {cursor.py:817} INFO - query execution done
[2023-09-21T01:56:34.286+0000] {cursor.py:959} INFO - Number of results in first chunk: 1
[2023-09-21T01:56:34.292+0000] {cursor.py:804} INFO - query: [PUT /* Python:snowflake.connector.pandas_tools.write_pandas() */ 'file:///tmp/tm...]
[2023-09-21T01:56:34.552+0000] {cursor.py:817} INFO - query execution done
[2023-09-21T01:56:35.028+0000] {ssl_wrap_socket.py:100} INFO - THIS CONNECTION IS IN INSECURE MODE. IT MEANS THE CERTIFICATE WILL BE VALIDATED BUT THE CERTIFICATE REVOCATION STATUS WILL NOT BE CHECKED.
[2023-09-21T01:56:36.013+0000] {cursor.py:804} INFO - query: [COPY INTO "STUDENT_DATA" /* Python:snowflake.connector.pandas_tools.write_pandas...]
[2023-09-21T01:56:37.308+0000] {cursor.py:817} INFO - query execution done
[2023-09-21T01:56:37.309+0000] {cursor.py:959} INFO - Number of results in first chunk: 1
[2023-09-21T01:56:37.309+0000] {cursor.py:804} INFO - query: [COMMIT]
[2023-09-21T01:56:37.975+0000] {cursor.py:817} INFO - query execution done
[2023-09-21T01:56:37.975+0000] {cursor.py:959} INFO - Number of results in first chunk: 1
[2023-09-21T01:56:37.975+0000] {cursor.py:804} INFO - query: [ROLLBACK]
[2023-09-21T01:56:38.262+0000] {cursor.py:817} INFO - query execution done
[2023-09-21T01:56:38.263+0000] {cursor.py:959} INFO - Number of results in first chunk: 1
[2023-09-21T01:56:38.264+0000] {python.py:194} INFO - Done. Returned value was: None
[2023-09-21T01:56:38.274+0000] {taskinstance.py:1398} INFO - Marking task as SUCCESS. dag_id=student_semantic, task_id=send_to_snowflake, execution_date=20230921T015622, start_date=20230921T015628, end_date=20230921T015638
[2023-09-21T01:56:38.329+0000] {local_task_job_runner.py:228} INFO - Task exited with return code 0
[2023-09-21T01:56:38.347+0000] {taskinstance.py:2776} INFO - 0 downstream tasks scheduled from follow-on schedule check
