[2023-09-21T01:05:09.130+0000] {taskinstance.py:1157} INFO - Dependencies all met for dep_context=non-requeueable deps ti=<TaskInstance: student_semantic.send_to_snowflake manual__2023-09-21T01:05:02.450844+00:00 [queued]>
[2023-09-21T01:05:09.137+0000] {taskinstance.py:1157} INFO - Dependencies all met for dep_context=requeueable deps ti=<TaskInstance: student_semantic.send_to_snowflake manual__2023-09-21T01:05:02.450844+00:00 [queued]>
[2023-09-21T01:05:09.137+0000] {taskinstance.py:1359} INFO - Starting attempt 1 of 1
[2023-09-21T01:05:09.148+0000] {taskinstance.py:1380} INFO - Executing <Task(PythonOperator): send_to_snowflake> on 2023-09-21 01:05:02.450844+00:00
[2023-09-21T01:05:09.153+0000] {standard_task_runner.py:57} INFO - Started process 1247 to run task
[2023-09-21T01:05:09.156+0000] {standard_task_runner.py:84} INFO - Running: ['***', 'tasks', 'run', 'student_semantic', 'send_to_snowflake', 'manual__2023-09-21T01:05:02.450844+00:00', '--job-id', '413', '--raw', '--subdir', 'DAGS_FOLDER/student_semantic.py', '--cfg-path', '/tmp/tmp1dqcekps']
[2023-09-21T01:05:09.158+0000] {standard_task_runner.py:85} INFO - Job 413: Subtask send_to_snowflake
[2023-09-21T01:05:09.192+0000] {task_command.py:415} INFO - Running <TaskInstance: student_semantic.send_to_snowflake manual__2023-09-21T01:05:02.450844+00:00 [running]> on host fd67d4db30a8
[2023-09-21T01:05:09.252+0000] {taskinstance.py:1660} INFO - Exporting env vars: AIRFLOW_CTX_DAG_OWNER='***' AIRFLOW_CTX_DAG_ID='student_semantic' AIRFLOW_CTX_TASK_ID='send_to_snowflake' AIRFLOW_CTX_EXECUTION_DATE='2023-09-21T01:05:02.450844+00:00' AIRFLOW_CTX_TRY_NUMBER='1' AIRFLOW_CTX_DAG_RUN_ID='manual__2023-09-21T01:05:02.450844+00:00'
[2023-09-21T01:05:09.297+0000] {logging_mixin.py:151} INFO - [   student_id              name  ...  grades_english  missed_days
0        S001     Alice Johnson  ...              92            3
1        S002         Bob Smith  ...              90            5
2        S003     Charlie Brown  ...              94            2
3        S004         David Lee  ...              88            1
4        S005      Eva Martinez  ...              92            4
5        S006      Frank Wilson  ...              76            2
6        S007       Grace Adams  ...              85            3
7        S008      Hannah White  ...              81            1
8        S009          Ian Hall  ...              90            6
9        S010    Jessica Turner  ...              92            3
10       S011      Kevin Parker  ...              76            4
11       S012      Linda Brooks  ...              85            2
12       S013     Michael Green  ...              81            5
13       S014     Natalie Adams  ...              90            3
14       S015     Olivia Foster  ...              92            2
15       S016      Peter Turner  ...              76            4
16       S017     Quincy Parker  ...              85            3
17       S018       Rachel Hall  ...              81            1
18       S019     Samuel Brooks  ...              90            2
19       S020      Taylor Green  ...              92            5
20       S021         Uma Adams  ...              76            3
21       S022     Victor Turner  ...              85            4
22       S023        Wendy Hall  ...              81            2
23       S024     Xander Brooks  ...              90            1
24       S025        Yara Green  ...              92            5
25       S026     Zachary Adams  ...              76            2
26       S027        Ava Turner  ...              85            3
27       S028     Benjamin Hall  ...              81            4
28       S029  Catherine Brooks  ...              90            2
29       S030      Daniel Green  ...              92            1
30       S031       Emily Adams  ...              76            3
31       S032       Finn Turner  ...              85            5
32       S033        Grace Hall  ...              81            2
33       S034      Henry Brooks  ...              90            4
34       S035    Isabella Green  ...              92            3
35       S036       Jacob Adams  ...              76            1
36       S037  Katherine Turner  ...              85            2
37       S038         Liam Hall  ...              81            5
38       S039        Mia Brooks  ...              90            3
39       S040        Noah Green  ...              92            4
40       S041      Olivia Adams  ...              76            2
41       S042      Peter Turner  ...              85            1
42       S043       Quincy Hall  ...              81            5
43       S044     Rachel Brooks  ...              90            3
44       S045      Samuel Green  ...              92            2
45       S046      Taylor Adams  ...              76            4
46       S047        Uma Turner  ...              85            3
47       S048       Victor Hall  ...              81            1
48       S049      Wendy Brooks  ...              90            2
49       S050      Xander Green  ...              92            5

[50 rows x 7 columns]]
[2023-09-21T01:05:09.298+0000] {connection.py:314} INFO - Snowflake Connector for Python Version: 3.1.1, Python Version: 3.8.18, Platform: Linux-5.10.16.3-microsoft-standard-WSL2-x86_64-with-glibc2.2.5
[2023-09-21T01:05:09.298+0000] {connection.py:1050} INFO - This connection is in OCSP Fail Open Mode. TLS Certificates would be checked for validity and revocation status. Any other Certificate Revocation related exceptions or OCSP Responder failures would be disregarded in favor of connectivity.
[2023-09-21T01:05:09.298+0000] {connection.py:1060} INFO - THIS CONNECTION IS IN INSECURE MODE. IT MEANS THE CERTIFICATE WILL BE VALIDATED BUT THE CERTIFICATE REVOCATION STATUS WILL NOT BE CHECKED.
[2023-09-21T01:05:09.298+0000] {connection.py:1068} INFO - Setting use_openssl_only mode to False
[2023-09-21T01:05:09.396+0000] {ssl_wrap_socket.py:100} INFO - THIS CONNECTION IS IN INSECURE MODE. IT MEANS THE CERTIFICATE WILL BE VALIDATED BUT THE CERTIFICATE REVOCATION STATUS WILL NOT BE CHECKED.
[2023-09-21T01:05:09.832+0000] {warnings.py:109} WARNING - /opt/***/dags/packages/student_semantic/student_semantic.py:171: UserWarning: Pandas Dataframe has non-standard index of type <class 'method'> which will not be written. Consider changing the index to pd.RangeIndex(start=0,...,step=1) or call reset_index() to keep index as column(s)
  success, num_chunks, num_rows, output = write_pandas(

[2023-09-21T01:05:09.832+0000] {cursor.py:804} INFO - query: [CREATE TEMP STAGE /* Python:snowflake.connector.pandas_tools.write_pandas() */ "...]
[2023-09-21T01:05:10.123+0000] {cursor.py:817} INFO - query execution done
[2023-09-21T01:05:10.124+0000] {cursor.py:959} INFO - Number of results in first chunk: 1
[2023-09-21T01:05:10.125+0000] {taskinstance.py:1935} ERROR - Task failed with exception
Traceback (most recent call last):
  File "/home/airflow/.local/lib/python3.8/site-packages/airflow/operators/python.py", line 192, in execute
    return_value = self.execute_callable()
  File "/home/airflow/.local/lib/python3.8/site-packages/airflow/operators/python.py", line 209, in execute_callable
    return self.python_callable(*self.op_args, **self.op_kwargs)
  File "/opt/airflow/dags/packages/student_semantic/student_semantic.py", line 171, in send_to_snowflake
    success, num_chunks, num_rows, output = write_pandas(
  File "/home/airflow/.local/lib/python3.8/site-packages/snowflake/connector/pandas_tools.py", line 295, in write_pandas
    for i, chunk in chunk_helper(df, chunk_size):
  File "/home/airflow/.local/lib/python3.8/site-packages/snowflake/connector/pandas_tools.py", line 52, in chunk_helper
    yield int(i / n), lst.iloc[i : i + n]
AttributeError: 'LazyXComAccess' object has no attribute 'iloc'
[2023-09-21T01:05:10.130+0000] {taskinstance.py:1398} INFO - Marking task as FAILED. dag_id=student_semantic, task_id=send_to_snowflake, execution_date=20230921T010502, start_date=20230921T010509, end_date=20230921T010510
[2023-09-21T01:05:10.142+0000] {standard_task_runner.py:104} ERROR - Failed to execute job 413 for task send_to_snowflake ('LazyXComAccess' object has no attribute 'iloc'; 1247)
[2023-09-21T01:05:10.174+0000] {local_task_job_runner.py:228} INFO - Task exited with return code 1
[2023-09-21T01:05:10.191+0000] {taskinstance.py:2776} INFO - 0 downstream tasks scheduled from follow-on schedule check
